[LicensingClient] ERROR Error 10 while verifying Licensing Client signature (path: 67248, process Id: C:/Program Files/Unity Hub/Frameworks/LicensingClient/Unity.Licensing.Client.exe)
[Licensing::Module] LicensingClient has failed validation
[Licensing::Module] Successfully connected to LicensingClient on channel: LicenseClient-jasp01-2019.4.25
Entitlement-based licensing initiated
[LicensingClient] Licenses Updated successfully in LicensingClient

LICENSE SYSTEM [2022317 16:21:49] Next license update check is after 2022-03-18T14:45:00


LICENSE SYSTEM [2022317 16:21:49] Current license is already valid and activated. Skipping license activation process (Provided username/password will be ignored).
Built from '2019.4/staging' branch; Version is '2019.4.25f1 (01a0494af254) revision 106569'; Using compiler version '191627012'
OS: 'Windows 10 Pro; OS build 19043.1526; Version 2009; 64bit' Language: 'en' Physical Memory: 65446 MB
[Licensing::Module] Serial number assigned to: "SC-YWSF-F2Y4-N6U4-4AWV-XXXX"\nBatchMode: 1, IsHumanControllingUs: 0, StartBugReporterOnCrash: 0, Is64bit: 1, IsPro: 1
[Package Manager] Server::Start -- Port 63985 was selected

 COMMAND LINE ARGUMENTS:
C:\Program Files\Unity\Hub\Editor\2019.4.25f1\Editor\Unity.exe
-quit
-batchmode
-logFile
build.log
-projectPath
.
-executeMethod
BuildUnityAdapter.CreateServerBuild
Successfully changed project path to: E:/code/NewMOSIM/MOSIM/Repos/MOSIM-Unity/Adapter/MMIAdapterUnity
E:/code/NewMOSIM/MOSIM/Repos/MOSIM-Unity/Adapter/MMIAdapterUnity
Using Asset Import Pipeline V1.
DisplayProgressbar: Unity Package Manager
Loading GUID <-> Path mappings...0.000051 seconds
Loading Asset Database...0.006046 seconds
AssetDatabase consistency checks...0.015412 seconds
Adding genesis user token [Package Manager] Done resolving packages in 0.52s seconds
[Package Manager] Done checking package constraints in 0.00s seconds
[Package Manager] 
Registered 41 packages:
  Packages from [https://packages.unity.com]:
    com.unity.collab-proxy@1.2.16 (location: E:\code\NewMOSIM\MOSIM\Repos\MOSIM-Unity\Adapter\MMIAdapterUnity\Library\PackageCache\com.unity.collab-proxy@1.2.16)
    com.unity.ide.rider@1.2.1 (location: E:\code\NewMOSIM\MOSIM\Repos\MOSIM-Unity\Adapter\MMIAdapterUnity\Library\PackageCache\com.unity.ide.rider@1.2.1)
    com.unity.ide.vscode@1.2.3 (location: E:\code\NewMOSIM\MOSIM\Repos\MOSIM-Unity\Adapter\MMIAdapterUnity\Library\PackageCache\com.unity.ide.vscode@1.2.3)
    com.unity.test-framework@1.1.24 (location: E:\code\NewMOSIM\MOSIM\Repos\MOSIM-Unity\Adapter\MMIAdapterUnity\Library\PackageCache\com.unity.test-framework@1.1.24)
    com.unity.textmeshpro@2.1.4 (location: E:\code\NewMOSIM\MOSIM\Repos\MOSIM-Unity\Adapter\MMIAdapterUnity\Library\PackageCache\com.unity.textmeshpro@2.1.4)
    com.unity.timeline@1.2.18 (location: E:\code\NewMOSIM\MOSIM\Repos\MOSIM-Unity\Adapter\MMIAdapterUnity\Library\PackageCache\com.unity.timeline@1.2.18)
    com.unity.ext.nunit@1.0.6 (location: E:\code\NewMOSIM\MOSIM\Repos\MOSIM-Unity\Adapter\MMIAdapterUnity\Library\PackageCache\com.unity.ext.nunit@1.0.6)
  Built-in packages:
    com.unity.ugui@1.0.0 (location: C:\Program Files\Unity\Hub\Editor\2019.4.25f1\Editor\Data\Resources\PackageManager\BuiltInPackages\com.unity.ugui)
    com.unity.modules.ai@1.0.0 (location: C:\Program Files\Unity\Hub\Editor\2019.4.25f1\Editor\Data\Resources\PackageManager\BuiltInPackages\com.unity.modules.ai)
    com.unity.modules.androidjni@1.0.0 (location: C:\Program Files\Unity\Hub\Editor\2019.4.25f1\Editor\Data\Resources\PackageManager\BuiltInPackages\com.unity.modules.androidjni)
    com.unity.modules.animation@1.0.0 (location: C:\Program Files\Unity\Hub\Editor\2019.4.25f1\Editor\Data\Resources\PackageManager\BuiltInPackages\com.unity.modules.animation)
    com.unity.modules.assetbundle@1.0.0 (location: C:\Program Files\Unity\Hub\Editor\2019.4.25f1\Editor\Data\Resources\PackageManager\BuiltInPackages\com.unity.modules.assetbundle)
    com.unity.modules.audio@1.0.0 (location: C:\Program Files\Unity\Hub\Editor\2019.4.25f1\Editor\Data\Resources\PackageManager\BuiltInPackages\com.unity.modules.audio)
    com.unity.modules.cloth@1.0.0 (location: C:\Program Files\Unity\Hub\Editor\2019.4.25f1\Editor\Data\Resources\PackageManager\BuiltInPackages\com.unity.modules.cloth)
    com.unity.modules.director@1.0.0 (location: C:\Program Files\Unity\Hub\Editor\2019.4.25f1\Editor\Data\Resources\PackageManager\BuiltInPackages\com.unity.modules.director)
    com.unity.modules.imageconversion@1.0.0 (location: C:\Program Files\Unity\Hub\Editor\2019.4.25f1\Editor\Data\Resources\PackageManager\BuiltInPackages\com.unity.modules.imageconversion)
    com.unity.modules.imgui@1.0.0 (location: C:\Program Files\Unity\Hub\Editor\2019.4.25f1\Editor\Data\Resources\PackageManager\BuiltInPackages\com.unity.modules.imgui)
    com.unity.modules.jsonserialize@1.0.0 (location: C:\Program Files\Unity\Hub\Editor\2019.4.25f1\Editor\Data\Resources\PackageManager\BuiltInPackages\com.unity.modules.jsonserialize)
    com.unity.modules.particlesystem@1.0.0 (location: C:\Program Files\Unity\Hub\Editor\2019.4.25f1\Editor\Data\Resources\PackageManager\BuiltInPackages\com.unity.modules.particlesystem)
    com.unity.modules.physics@1.0.0 (location: C:\Program Files\Unity\Hub\Editor\2019.4.25f1\Editor\Data\Resources\PackageManager\BuiltInPackages\com.unity.modules.physics)
    com.unity.modules.physics2d@1.0.0 (location: C:\Program Files\Unity\Hub\Editor\2019.4.25f1\Editor\Data\Resources\PackageManager\BuiltInPackages\com.unity.modules.physics2d)
    com.unity.modules.screencapture@1.0.0 (location: C:\Program Files\Unity\Hub\Editor\2019.4.25f1\Editor\Data\Resources\PackageManager\BuiltInPackages\com.unity.modules.screencapture)
    com.unity.modules.terrain@1.0.0 (location: C:\Program Files\Unity\Hub\Editor\2019.4.25f1\Editor\Data\Resources\PackageManager\BuiltInPackages\com.unity.modules.terrain)
    com.unity.modules.terrainphysics@1.0.0 (location: C:\Program Files\Unity\Hub\Editor\2019.4.25f1\Editor\Data\Resources\PackageManager\BuiltInPackages\com.unity.modules.terrainphysics)
    com.unity.modules.tilemap@1.0.0 (location: C:\Program Files\Unity\Hub\Editor\2019.4.25f1\Editor\Data\Resources\PackageManager\BuiltInPackages\com.unity.modules.tilemap)
    com.unity.modules.ui@1.0.0 (location: C:\Program Files\Unity\Hub\Editor\2019.4.25f1\Editor\Data\Resources\PackageManager\BuiltInPackages\com.unity.modules.ui)
    com.unity.modules.uielements@1.0.0 (location: C:\Program Files\Unity\Hub\Editor\2019.4.25f1\Editor\Data\Resources\PackageManager\BuiltInPackages\com.unity.modules.uielements)
    com.unity.modules.umbra@1.0.0 (location: C:\Program Files\Unity\Hub\Editor\2019.4.25f1\Editor\Data\Resources\PackageManager\BuiltInPackages\com.unity.modules.umbra)
    com.unity.modules.unityanalytics@1.0.0 (location: C:\Program Files\Unity\Hub\Editor\2019.4.25f1\Editor\Data\Resources\PackageManager\BuiltInPackages\com.unity.modules.unityanalytics)
    com.unity.modules.unitywebrequest@1.0.0 (location: C:\Program Files\Unity\Hub\Editor\2019.4.25f1\Editor\Data\Resources\PackageManager\BuiltInPackages\com.unity.modules.unitywebrequest)
    com.unity.modules.unitywebrequestassetbundle@1.0.0 (location: C:\Program Files\Unity\Hub\Editor\2019.4.25f1\Editor\Data\Resources\PackageManager\BuiltInPackages\com.unity.modules.unitywebrequestassetbundle)
    com.unity.modules.unitywebrequestaudio@1.0.0 (location: C:\Program Files\Unity\Hub\Editor\2019.4.25f1\Editor\Data\Resources\PackageManager\BuiltInPackages\com.unity.modules.unitywebrequestaudio)
    com.unity.modules.unitywebrequesttexture@1.0.0 (location: C:\Program Files\Unity\Hub\Editor\2019.4.25f1\Editor\Data\Resources\PackageManager\BuiltInPackages\com.unity.modules.unitywebrequesttexture)
    com.unity.modules.unitywebrequestwww@1.0.0 (location: C:\Program Files\Unity\Hub\Editor\2019.4.25f1\Editor\Data\Resources\PackageManager\BuiltInPackages\com.unity.modules.unitywebrequestwww)
    com.unity.modules.vehicles@1.0.0 (location: C:\Program Files\Unity\Hub\Editor\2019.4.25f1\Editor\Data\Resources\PackageManager\BuiltInPackages\com.unity.modules.vehicles)
    com.unity.modules.video@1.0.0 (location: C:\Program Files\Unity\Hub\Editor\2019.4.25f1\Editor\Data\Resources\PackageManager\BuiltInPackages\com.unity.modules.video)
    com.unity.modules.vr@1.0.0 (location: C:\Program Files\Unity\Hub\Editor\2019.4.25f1\Editor\Data\Resources\PackageManager\BuiltInPackages\com.unity.modules.vr)
    com.unity.modules.wind@1.0.0 (location: C:\Program Files\Unity\Hub\Editor\2019.4.25f1\Editor\Data\Resources\PackageManager\BuiltInPackages\com.unity.modules.wind)
    com.unity.modules.xr@1.0.0 (location: C:\Program Files\Unity\Hub\Editor\2019.4.25f1\Editor\Data\Resources\PackageManager\BuiltInPackages\com.unity.modules.xr)
    com.unity.modules.subsystems@1.0.0 (location: C:\Program Files\Unity\Hub\Editor\2019.4.25f1\Editor\Data\Resources\PackageManager\BuiltInPackages\com.unity.modules.subsystems)
  Git packages:
    de.dfki.mmiunity-core@ssh://git@github.com/dfki-asr/MMIUnity-Core.git#feature/InitialSetup (location: E:\code\NewMOSIM\MOSIM\Repos\MOSIM-Unity\Adapter\MMIAdapterUnity\Library\PackageCache\de.dfki.mmiunity-core@08470fd200)

[Subsystems] No new subsystems found in resolved package list.
[Package Manager] Done registering packages in 0.00s seconds
Refreshing native plugins compatible for Editor in 3.82 ms, found 0 plugins.
Preloading 0 native plugins for Editor in 0.00 ms.
Initialize engine version: 2019.4.25f1 (01a0494af254)
[Subsystems] Discovering subsystems at path C:/Program Files/Unity/Hub/Editor/2019.4.25f1/Editor/Data/Resources/UnitySubsystems
[Subsystems] Discovering subsystems at path E:/code/NewMOSIM/MOSIM/Repos/MOSIM-Unity/Adapter/MMIAdapterUnity/Assets
GfxDevice: creating device client; threaded=0
Direct3D:
    Version:  Direct3D 11.0 [level 11.1]
    Renderer: NVIDIA GeForce RTX 3080 (ID=0x2216)
    Vendor:   
    VRAM:     10077 MB
    Driver:   30.0.14.7141
Initialize mono
Mono path[0] = 'C:/Program Files/Unity/Hub/Editor/2019.4.25f1/Editor/Data/Managed'
Mono path[1] = 'C:/Program Files/Unity/Hub/Editor/2019.4.25f1/Editor/Data/MonoBleedingEdge/lib/mono/unityjit'
Mono config path = 'C:/Program Files/Unity/Hub/Editor/2019.4.25f1/Editor/Data/MonoBleedingEdge/etc'
Using monoOptions --debugger-agent=transport=dt_socket,embedding=1,server=y,suspend=n,address=127.0.0.1:56496
Begin MonoManager ReloadAssembly
Registering precompiled unity dll's ...
Register platform support module: C:/Program Files/Unity/Hub/Editor/2019.4.25f1/Editor/Data/PlaybackEngines/WindowsStandaloneSupport/UnityEditor.WindowsStandalone.Extensions.dll
Registered in 0.002328 seconds.
Native extension for WindowsStandalone target not found
Refreshing native plugins compatible for Editor in 0.18 ms, found 0 plugins.
Preloading 0 native plugins for Editor in 0.00 ms.
Mono: successfully reloaded assembly
- Completed reload, in  0.833 seconds
Registering precompiled user dll's ...
Registered in 0.037947 seconds.
Platform modules already initialized, skipping
Validating Project structure ... 0.000205 seconds.
Refresh: detecting if any assets need to be imported or removed ...
Begin MonoManager ReloadAssembly
Native extension for WindowsStandalone target not found
Refreshing native plugins compatible for Editor in 0.19 ms, found 0 plugins.
Preloading 0 native plugins for Editor in 0.00 ms.
Mono: successfully reloaded assembly
- Completed reload, in  0.508 seconds
Platform modules already initialized, skipping
Refreshing native plugins compatible for Editor in 0.11 ms, found 0 plugins.
Preloading 0 native plugins for Editor in 0.00 ms.
Refresh: detecting if any assets need to be imported or removed ...

Refresh Completed time: 0.017930s
	Asset Scan time: 0.016362s
	Asset Hashing: 0.000000s [0 B, 0.000000 mb/s]
	Asset Import (Scripting) time: 0.000000s (count: 0)
	Post Processs Assets (Scripting) time: 0.000000s
	Asset Rehashing: 0.000000s [0 B, 0.000000 mb/s]
	Asset Import (Non Scripting) time: 0.000000s (count: 0)
	Post Process Assets (Non Scripting) time: 0.000000s
	Dependent Assets to Import Queue time: 0.000000s

Launched and connected shader compiler UnityShaderCompiler.exe after 0.05 seconds
Warming cache for 1680 main assets: 0.001388 seconds elapsed
Initializing Unity extensions:
 'C:/Program Files/Unity/Hub/Editor/2019.4.25f1/Editor/Data/UnityExtensions/Unity/UnityVR/Editor/UnityEditor.VR.dll'  GUID: 4ba2329b63d54f0187bcaa12486b1b0f
Unloading 1182 Unused Serialized files (Serialized files now loaded: 0)
System memory in use before: 62.6 MB.
System memory in use after: 61.8 MB.

Unloading 81 unused Assets to reduce memory usage. Loaded Objects now: 1597.
Total: 1.873600 ms (FindLiveObjects: 0.164200 ms CreateObjectMapping: 0.024000 ms MarkObjects: 1.312100 ms  DeleteObjects: 0.372700 ms)

Building Unity Adapter Server Build
UnityEngine.StackTraceUtility:ExtractStackTrace ()
UnityEngine.DebugLogHandler:LogFormat (UnityEngine.LogType,UnityEngine.Object,string,object[])
UnityEngine.Logger:Log (UnityEngine.LogType,object)
UnityEngine.Debug:Log (object)
BuildUnityAdapter:CreateServerBuild () (at Assets/Scripts/Editor/BuildUnityAdapter.cs:8)
 
(Filename: Assets/Scripts/Editor/BuildUnityAdapter.cs Line: 8)

[ScriptCompilation] Recompiling all scripts because: Recompiling scripts for player build.
BuildPlayer: start building target 5
Assembly for Assembly Definition File 'Packages/de.dfki.mmiunity-core/Editor/de.dfki.mmiunity-core.Editor.asmdef' will not be compiled, because it has no scripts associated with it.
UnityEngine.StackTraceUtility:ExtractStackTrace ()
UnityEngine.DebugLogHandler:LogFormat (UnityEngine.LogType,UnityEngine.Object,string,object[])
UnityEngine.Logger:LogFormat (UnityEngine.LogType,string,object[])
UnityEngine.Debug:LogWarningFormat (string,object[])
UnityEditor.Scripting.ScriptCompilation.EditorCompilation:CompileScripts (UnityEditor.Scripting.ScriptCompilation.ScriptAssemblySettings,string,UnityEditor.Scripting.ScriptCompilation.EditorScriptCompilationOptions,UnityEditor.Scripting.ScriptCompilation.CompilationTaskOptions,UnityEditor.Scripting.ScriptCompilation.EditorBuildRules/TargetAssembly[]&,string[]&)
UnityEditor.Scripting.ScriptCompilation.EditorCompilation:CompileScripts (UnityEditor.Scripting.ScriptCompilation.EditorScriptCompilationOptions,UnityEditor.BuildTargetGroup,UnityEditor.BuildTarget,UnityEditor.Scripting.ScriptCompilation.CompilationTaskOptions)
UnityEditor.Scripting.ScriptCompilation.EditorCompilationInterface/<>c__DisplayClass39_0:<CompileScripts>b__0 ()
UnityEditor.Scripting.ScriptCompilation.EditorCompilationInterface:EmitExceptionAsError<UnityEditor.Scripting.ScriptCompilation.EditorCompilation/CompileStatus> (System.Func`1<UnityEditor.Scripting.ScriptCompilation.EditorCompilation/CompileStatus>,UnityEditor.Scripting.ScriptCompilation.EditorCompilation/CompileStatus)
UnityEditor.Scripting.ScriptCompilation.EditorCompilationInterface:CompileScripts (UnityEditor.Scripting.ScriptCompilation.EditorScriptCompilationOptions,UnityEditor.BuildTargetGroup,UnityEditor.BuildTarget)
UnityEditor.BuildPipeline:BuildPlayerInternal (string[],string,string,UnityEditor.BuildTargetGroup,UnityEditor.BuildTarget,UnityEditor.BuildOptions)
UnityEditor.BuildPipeline:BuildPlayer (string[],string,string,UnityEditor.BuildTargetGroup,UnityEditor.BuildTarget,UnityEditor.BuildOptions)
UnityEditor.BuildPipeline:BuildPlayer (UnityEditor.BuildPlayerOptions)
UnityEditor.BuildPipeline:BuildPlayer (string[],string,UnityEditor.BuildTarget,UnityEditor.BuildOptions)
BuildUnityAdapter:CreateServerBuild () (at Assets/Scripts/Editor/BuildUnityAdapter.cs:10)
 
(Filename: Assets/Scripts/Editor/BuildUnityAdapter.cs Line: 10)

- Starting script compilation
- Starting compile Library/PlayerScriptAssemblies/UnityEngine.TestRunner.dll
- Starting compile Library/PlayerScriptAssemblies/UnityEngine.UI.dll
- Finished compile Library/PlayerScriptAssemblies/UnityEngine.TestRunner.dll in 0.323056 seconds
- Finished compile Library/PlayerScriptAssemblies/UnityEngine.UI.dll in 0.341931 seconds
- Starting compile Library/PlayerScriptAssemblies/Unity.TextMeshPro.dll
- Starting compile Library/PlayerScriptAssemblies/Unity.Timeline.dll
- Starting compile Library/PlayerScriptAssemblies/dfki.mmiunity-core.dll
- Finished compile Library/PlayerScriptAssemblies/Unity.Timeline.dll in 0.482242 seconds
- Finished compile Library/PlayerScriptAssemblies/Unity.TextMeshPro.dll in 0.598373 seconds
- Finished compile Library/PlayerScriptAssemblies/dfki.mmiunity-core.dll in 0.582163 seconds
- Finished script compilation in 0.9825 seconds
Library\PackageCache\de.dfki.mmiunity-core@08470fd200\Runtime\MMICSharp-Core\MMICore\CoSimulation\CoSimulationAccess.cs(144,17): warning CS4014: Because this call is not awaited, execution of the current method continues before the call is completed. Consider applying the 'await' operator to the result of the call.
Library\PackageCache\de.dfki.mmiunity-core@08470fd200\Runtime\Adapter\UnityAdapter.cs(136,13): warning CS4014: Because this call is not awaited, execution of the current method continues before the call is completed. Consider applying the 'await' operator to the result of the call.
Library\PackageCache\de.dfki.mmiunity-core@08470fd200\Runtime\Adapter\UnityAdapter.cs(217,30): warning CS0168: The variable 'e' is declared but never used
DisplayProgressbar: Building Player
Opening scene 'Assets/main.unity'
Unloading 7 Unused Serialized files (Serialized files now loaded: 0)
Loaded scene 'Assets/main.unity'
	Deserialize:            2.251 ms
	Integration:            6.217 ms
	Integration of assets:  0.002 ms
	Thread Wait Time:       36.238 ms
	Total Operation Time:   44.709 ms
System memory in use before: 40.8 MB.
System memory in use after: 40.6 MB.

Unloading 22 unused Assets to reduce memory usage. Loaded Objects now: 1640.
Total: 2.210700 ms (FindLiveObjects: 0.166400 ms CreateObjectMapping: 0.019100 ms MarkObjects: 1.844100 ms  DeleteObjects: 0.180500 ms)

Created GICache directory at C:/Users/jasp01/AppData/LocalLow/Unity/Caches/GiCache. Took: 0.029s, timestamps: [8.406 - 8.435]
gi::BakeBackendSwitch: switching bake backend from 3 to 1.
[00:00:00] Enlighten: Precompute started.
[00:00:00] Enlighten: Finished 1 Layout Systems job (0.00s execute, 0.00s integrate, 0.01s wallclock)
[00:00:00] Enlighten: Finished 1 Tetrahedralize Probes job (0.00s execute, 0.00s integrate, 0.01s wallclock)
[00:00:00] Enlighten: Precompute took 0.030359 seconds.
Enlighten scene contents:   0 geometries.   0 instances.   0 systems.   0 probe groups.   0 cube maps. Scene is up-to-date.
[00:00:00] Enlighten: Bake started.
Setting up 16 worker threads for Enlighten.
  Thread -> id: 16c78 -> priority: 1 
  Thread -> id: 98b8 -> priority: 1 
  Thread -> id: 120b0 -> priority: 1 
  Thread -> id: 13e14 -> priority: 1 
  Thread -> id: 142e8 -> priority: 1 
  Thread -> id: 5990 -> priority: 1 
  Thread -> id: 90dc -> priority: 1 
  Thread -> id: 9550 -> priority: 1 
  Thread -> id: 74bc -> priority: 1 
  Thread -> id: 4954 -> priority: 1 
  Thread -> id: 11d04 -> priority: 1 
  Thread -> id: da40 -> priority: 1 
  Thread -> id: 5e9c -> priority: 1 
  Thread -> id: 720c -> priority: 1 
  Thread -> id: 477c -> priority: 1 
  Thread -> id: 16f4 -> priority: 1 
[00:00:00] Enlighten: Finished 1 Bake Runtime job (0.05s execute, 0.00s integrate, 0.06s wallclock)
[Optix] Number of Devices = 1
[Optix] context is using local device 0: NVIDIA GeForce RTX 3080 - 10240MB VRAM (available: 9099MB)
[Optix] successfully set up context.
[Optix] removing context.
[00:00:00] Enlighten: Bake took 0.462068 seconds.
[PathTracer] building lightmap data asset.
[PathTracer] Total bake time: 0.015347, raw bake time: 0.000000
[00:00:00] Enlighten: Builtin Sky manager started.
[00:00:00] Enlighten: Finished 1 Bake Ambient Probe job (0.00s execute, 0.00s integrate, 0.01s wallclock)
[00:00:00] Enlighten: LightingDataAsset started.
> Collecting Enlighten data


Mono dependencies included in the build
Dependency assembly - System.Diagnostics.StackTrace.dll
Dependency assembly - System.Globalization.Extensions.dll
Dependency assembly - System.Reflection.Emit.ILGeneration.dll
Dependency assembly - System.Reflection.Emit.Lightweight.dll
Dependency assembly - System.Reflection.Emit.dll
Dependency assembly - System.Runtime.Serialization.Xml.dll
Dependency assembly - System.Xml.XPath.XDocument.dll
Dependency assembly - netstandard.dll
Dependency assembly - Mono.Security.dll
Dependency assembly - System.ComponentModel.Composition.dll
Dependency assembly - System.ComponentModel.DataAnnotations.dll
Dependency assembly - System.Configuration.dll
Dependency assembly - System.Core.dll
Dependency assembly - System.Data.dll
Dependency assembly - System.Drawing.dll
Dependency assembly - System.EnterpriseServices.dll
Dependency assembly - System.IO.Compression.FileSystem.dll
Dependency assembly - System.IO.Compression.dll
Dependency assembly - System.Net.Http.dll
Dependency assembly - System.Numerics.dll
Dependency assembly - System.Runtime.Serialization.dll
Dependency assembly - System.ServiceModel.Internals.dll
Dependency assembly - System.Transactions.dll
Dependency assembly - System.Web.ApplicationServices.dll
Dependency assembly - System.Web.Services.dll
Dependency assembly - System.Web.dll
Dependency assembly - System.Xml.Linq.dll
Dependency assembly - System.Xml.dll
Dependency assembly - System.dll
Dependency assembly - mscorlib.dll
Dependency assembly - Unity.TextMeshPro.dll
Dependency assembly - Unity.Timeline.dll
Dependency assembly - UnityEngine.UI.dll
Dependency assembly - dfki.mmiunity-core.dll
Dependency assembly - System.Threading.Tasks.Extensions.dll
Dependency assembly - Thrift.dll
Dependency assembly - Utf8Json.dll

Unloading 7 Unused Serialized files (Serialized files now loaded: 0)
System memory in use before: 71.2 MB.
System memory in use after: 70.9 MB.

Unloading 21 unused Assets to reduce memory usage. Loaded Objects now: 1626.
Total: 3.023000 ms (FindLiveObjects: 0.313800 ms CreateObjectMapping: 0.043800 ms MarkObjects: 2.482500 ms  DeleteObjects: 0.182600 ms)

[00:00:00] Enlighten: Builtin Sky manager took 1.356231 seconds. Cancelled, so not done yet.
[00:00:00] Enlighten: LightingDataAsset took 1.326194 seconds. Cancelled, so not done yet.
[EnlightenBakeManager] m_Clear = false;
Unloading 1 Unused Serialized files (Serialized files now loaded: 0)
System memory in use before: 70.7 MB.
System memory in use after: 70.8 MB.

Unloading 0 unused Assets to reduce memory usage. Loaded Objects now: 1637.
Total: 2.214500 ms (FindLiveObjects: 0.127900 ms CreateObjectMapping: 0.023100 ms MarkObjects: 2.059300 ms  DeleteObjects: 0.003800 ms)

Unloading 1 Unused Serialized files (Serialized files now loaded: 0)
System memory in use before: 207.9 MB.
System memory in use after: 71.2 MB.

Unloading 154 unused Assets to reduce memory usage. Loaded Objects now: 1625.
Total: 15.167800 ms (FindLiveObjects: 0.118400 ms CreateObjectMapping: 0.020300 ms MarkObjects: 2.183600 ms  DeleteObjects: 12.845100 ms)

DisplayProgressbar: Compiling shader variants
Launched and connected shader compiler UnityShaderCompiler.exe after 0.06 seconds
Launched and connected shader compiler UnityShaderCompiler.exe after 0.05 seconds
Launched and connected shader compiler UnityShaderCompiler.exe after 0.05 seconds
Launched and connected shader compiler UnityShaderCompiler.exe after 0.05 seconds
Launched and connected shader compiler UnityShaderCompiler.exe after 0.06 seconds
Launched and connected shader compiler UnityShaderCompiler.exe after 0.05 seconds
Launched and connected shader compiler UnityShaderCompiler.exe after 0.07 seconds
Launched and connected shader compiler UnityShaderCompiler.exe after 0.05 seconds
Launched and connected shader compiler UnityShaderCompiler.exe after 0.05 seconds
Launched and connected shader compiler UnityShaderCompiler.exe after 0.06 seconds
Launched and connected shader compiler UnityShaderCompiler.exe after 0.05 seconds
Launched and connected shader compiler UnityShaderCompiler.exe after 0.06 seconds
Launched and connected shader compiler UnityShaderCompiler.exe after 0.05 seconds
Launched and connected shader compiler UnityShaderCompiler.exe after 0.07 seconds
Launched and connected shader compiler UnityShaderCompiler.exe after 0.05 seconds
Launched and connected shader compiler UnityShaderCompiler.exe after 0.05 seconds
Launched and connected shader compiler UnityShaderCompiler.exe after 0.05 seconds
Launched and connected shader compiler UnityShaderCompiler.exe after 0.05 seconds
Launched and connected shader compiler UnityShaderCompiler.exe after 0.05 seconds
Launched and connected shader compiler UnityShaderCompiler.exe after 0.05 seconds
Launched and connected shader compiler UnityShaderCompiler.exe after 0.07 seconds
Launched and connected shader compiler UnityShaderCompiler.exe after 0.05 seconds
Launched and connected shader compiler UnityShaderCompiler.exe after 0.05 seconds
Launched and connected shader compiler UnityShaderCompiler.exe after 0.05 seconds
Launched and connected shader compiler UnityShaderCompiler.exe after 0.05 seconds
Launched and connected shader compiler UnityShaderCompiler.exe after 0.05 seconds
Launched and connected shader compiler UnityShaderCompiler.exe after 0.05 seconds
Launched and connected shader compiler UnityShaderCompiler.exe after 0.05 seconds
Launched and connected shader compiler UnityShaderCompiler.exe after 0.05 seconds
Compiled shader 'Legacy Shaders/Diffuse' in 1.20s
    d3d11 (total internal programs: 40, unique: 40)
Launched and connected shader compiler UnityShaderCompiler.exe after 0.05 seconds
Launched and connected shader compiler UnityShaderCompiler.exe after 0.05 seconds
DisplayProgressbar: Building Player

-------------------------------------------------------------------------------
Build Report
Uncompressed usage by category (Percentages based on user generated assets only):
Textures               128.2 kb	 0.8% 
Meshes                 0.0 kb	 0.0% 
Animations             0.0 kb	 0.0% 
Sounds                 0.0 kb	 0.0% 
Shaders                7.3 kb	 0.0% 
Other Assets           0.8 kb	 0.0% 
Levels                 5.5 kb	 0.0% 
Scripts                1.8 mb	 10.8% 
Included DLLs          14.3 mb	 88.2% 
File headers           17.2 kb	 0.1% 
Total User Assets      16.2 mb	 100.0% 
Complete build size    49.5 mb
Used Assets and files from the Resources folder, sorted by uncompressed size:
 128.2 kb	 0.3% Built-in Cubemap: 
 7.8 kb	 0.0% Resources/unity_builtin_extra
 0.2 kb	 0.0% Packages/com.unity.test-framework/UnityEngine.TestRunner/NUnitExtensions/Runner/RestoreTestContextAfterDomainReload.cs
 0.2 kb	 0.0% Packages/com.unity.ugui/Tests/Runtime/Canvas/RectMask2DWithNestedCanvasCullsUsingCorrectCanvasRect.cs
 0.2 kb	 0.0% Packages/com.unity.test-framework/UnityEngine.TestRunner/NUnitExtensions/Runner/UnityLogCheckDelegatingCommand.cs
 0.2 kb	 0.0% Packages/com.unity.timeline/Runtime/AssetUpgrade/AnimationPlayableAssetUpgrade.cs
 0.2 kb	 0.0% Packages/com.unity.test-framework/UnityEngine.TestRunner/NUnitExtensions/Runner/UnityTestExecutionContext.cs
 0.2 kb	 0.0% Packages/com.unity.test-framework/UnityEngine.TestRunner/NUnitExtensions/Commands/EnumerableApplyChangesToContextCommand.cs
 0.2 kb	 0.0% Packages/com.unity.test-framework/UnityEngine.TestRunner/Utils/Vector4ComparerWithEqualsOperator.cs
 0.2 kb	 0.0% Packages/com.unity.test-framework/UnityEngine.TestRunner/Utils/Vector3ComparerWithEqualsOperator.cs
 0.2 kb	 0.0% Packages/com.unity.test-framework/UnityEngine.TestRunner/Utils/Vector2ComparerWithEqualsOperator.cs
 0.2 kb	 0.0% Packages/com.unity.test-framework/UnityEngine.TestRunner/TestRunner/RemoteHelpers/RemoteTestResultDataWithTestData.cs
 0.2 kb	 0.0% Packages/com.unity.test-framework/UnityEngine.TestRunner/TestRunner/Callbacks/TestResultRendererCallback.cs
 0.2 kb	 0.0% Packages/com.unity.test-framework/UnityEngine.TestRunner/TestRunner/PlaymodeTestsControllerSettings.cs
 0.2 kb	 0.0% Packages/com.unity.test-framework/UnityEngine.TestRunner/NUnitExtensions/Runner/UnityWorkItemDataHolder.cs
 0.2 kb	 0.0% Packages/com.unity.test-framework/UnityEngine.TestRunner/NUnitExtensions/Runner/UnityTestAssemblyRunner.cs
 0.2 kb	 0.0% Packages/com.unity.test-framework/UnityEngine.TestRunner/NUnitExtensions/Runner/PlaymodeWorkItemFactory.cs
 0.2 kb	 0.0% Packages/com.unity.test-framework/UnityEngine.TestRunner/NUnitExtensions/Runner/CoroutineTestWorkItem.cs
 0.2 kb	 0.0% Packages/com.unity.test-framework/UnityEngine.TestRunner/NUnitExtensions/Filters/CategoryFilterExtended.cs
 0.2 kb	 0.0% Packages/com.unity.test-framework/UnityEngine.TestRunner/Assertions/UnexpectedLogMessageException.cs
 0.2 kb	 0.0% Packages/com.unity.test-framework/UnityEngine.TestRunner/TestRunner/RemoteHelpers/RemoteTestResultDataFactory.cs
 0.2 kb	 0.0% Packages/com.unity.test-framework/UnityEngine.TestRunner/TestRunner/RemoteHelpers/PlayerConnectionMessageIds.cs
 0.2 kb	 0.0% Packages/com.unity.test-framework/UnityEngine.TestRunner/TestRunner/Callbacks/RemoteTestResultSender.cs
 0.2 kb	 0.0% Packages/com.unity.test-framework/UnityEngine.TestRunner/TestRunner/Callbacks/PlayModeRunnerCallback.cs
 0.2 kb	 0.0% Packages/com.unity.test-framework/UnityEngine.TestRunner/Assertions/AllocatingGCMemoryConstraint.cs
 0.1 kb	 0.0% Packages/com.unity.test-framework/UnityEngine.TestRunner/NUnitExtensions/UnityTestAssemblyBuilder.cs
 0.1 kb	 0.0% Packages/com.unity.test-framework/UnityEngine.TestRunner/NUnitExtensions/Runner/TestCommandBuilder.cs
 0.1 kb	 0.0% Packages/com.unity.test-framework/UnityEngine.TestRunner/NUnitExtensions/Runner/DefaultTestWorkItem.cs
 0.1 kb	 0.0% Packages/com.unity.test-framework/UnityEngine.TestRunner/NUnitExtensions/Runner/CompositeWorkItem.cs
 0.1 kb	 0.0% Packages/com.unity.test-framework/UnityEngine.TestRunner/NUnitExtensions/Filters/AssemblyNameFilter.cs
 0.1 kb	 0.0% Packages/com.unity.test-framework/UnityEngine.TestRunner/NUnitExtensions/Commands/EnumerableSetUpTearDownCommand.cs
 0.1 kb	 0.0% Packages/com.unity.test-framework/UnityEngine.TestRunner/NUnitExtensions/Commands/EnumerableRepeatedTestCommand.cs
 0.1 kb	 0.0% Packages/com.unity.test-framework/UnityEngine.TestRunner/NUnitExtensions/Attributes/TestMustExpectAllLogsAttribute.cs
 0.1 kb	 0.0% Packages/com.unity.test-framework/UnityEngine.TestRunner/Assertions/UnityTestTimeoutException.cs
 0.1 kb	 0.0% Packages/com.unity.test-framework/UnityEngine.TestRunner/Assertions/UnhandledLogMessageException.cs
 0.1 kb	 0.0% Packages/com.unity.test-framework/UnityEngine.TestRunner/Assertions/InvalidSignatureException.cs
 0.1 kb	 0.0% Packages/de.dfki.mmiunity-core/Runtime/MMICSharp-Core/MMICore/CoSimulation/Internal/SerializableCoSimulationState.cs
 0.1 kb	 0.0% Packages/de.dfki.mmiunity-core/Runtime/MMICSharp-Core/MMICore/Adapter/MMUProvider/DescriptionBasedMMUProvider.cs
 0.1 kb	 0.0% Packages/com.unity.ugui/Tests/Runtime/Canvas/CanvasScalerWithChildTextObjectDoesNotCrash.cs
 0.1 kb	 0.0% Packages/com.unity.test-framework/UnityEngine.TestRunner/Utils/QuaternionEqualityComparer.cs
 0.1 kb	 0.0% Packages/com.unity.test-framework/UnityEngine.TestRunner/Utils/AssemblyProvider/PlayerTestAssemblyProvider.cs
 0.1 kb	 0.0% Packages/com.unity.test-framework/UnityEngine.TestRunner/TestRunner/RuntimeTestRunnerFilter.cs
 0.1 kb	 0.0% Packages/com.unity.test-framework/UnityEngine.TestRunner/TestRunner/Callbacks/TestResultRenderer.cs
 0.1 kb	 0.0% Packages/com.unity.test-framework/UnityEngine.TestRunner/TestRunner/Callbacks/PlayerQuitHandler.cs
 0.1 kb	 0.0% Packages/de.dfki.mmiunity-core/Runtime/MMICSharp-Core/MMICore/Common/Attributes/MSimulationEventAttribute.cs
 0.1 kb	 0.0% Packages/de.dfki.mmiunity-core/Runtime/MMICSharp-Core/MMICore/Clients/Services/WalkPointEstimationServiceClient.cs
 0.1 kb	 0.0% Packages/de.dfki.mmiunity-core/Runtime/MMICSharp-Core/MMICore/Clients/Services/CollisionDetectionServiceClient.cs
 0.1 kb	 0.0% Packages/com.unity.test-framework/UnityEngine.TestRunner/Utils/PostBuildCleanupAttribute.cs
 0.1 kb	 0.0% Packages/com.unity.test-framework/UnityEngine.TestRunner/TestRunner/TestEnumeratorWrapper.cs
 0.1 kb	 0.0% Packages/com.unity.test-framework/UnityEngine.TestRunner/TestRunner/PlaymodeTestsController.cs
 0.1 kb	 0.0% Packages/com.unity.test-framework/UnityEngine.TestRunner/NUnitExtensions/TestResultExtensions.cs
 0.1 kb	 0.0% Packages/com.unity.test-framework/UnityEngine.TestRunner/NUnitExtensions/Runner/WorkItemFactory.cs
 0.1 kb	 0.0% Packages/com.unity.test-framework/UnityEngine.TestRunner/NUnitExtensions/Runner/UnityWorkItem.cs
 0.1 kb	 0.0% Packages/com.unity.test-framework/UnityEngine.TestRunner/NUnitExtensions/ConstructDelegator.cs
 0.1 kb	 0.0% Packages/com.unity.test-framework/UnityEngine.TestRunner/NUnitExtensions/Commands/OuterUnityTestActionCommand.cs
 0.1 kb	 0.0% Packages/com.unity.test-framework/UnityEngine.TestRunner/NUnitExtensions/Commands/ImmediateEnumerableCommand.cs
 0.1 kb	 0.0% Packages/com.unity.test-framework/UnityEngine.TestRunner/NUnitExtensions/Commands/EnumerableTestMethodCommand.cs
 0.1 kb	 0.0% Packages/com.unity.test-framework/UnityEngine.TestRunner/NUnitExtensions/Commands/EnumerableRetryTestCommand.cs
 0.1 kb	 0.0% Packages/com.unity.test-framework/UnityEngine.TestRunner/NUnitExtensions/Commands/BeforeAfterTestCommandState.cs
 0.1 kb	 0.0% Packages/com.unity.test-framework/UnityEngine.TestRunner/NUnitExtensions/Attributes/UnityCombinatorialStrategy.cs
 0.1 kb	 0.0% Packages/com.unity.test-framework/UnityEngine.TestRunner/NUnitExtensions/Attributes/ConditionalIgnoreAttribute.cs
 0.1 kb	 0.0% Packages/de.dfki.mmiunity-core/Runtime/MMICSharp-Core/MMICore/CoSimulation/Solvers/LocalJointConstraintSolver.cs
 0.1 kb	 0.0% Packages/com.unity.ugui/Tests/Runtime/NestedLayout/SceneWithNestedLayoutElementsLoadScript.cs
 0.1 kb	 0.0% Packages/com.unity.ugui/Tests/Runtime/EventSystem/GraphicRaycasterWorldSpaceCanvasTests.cs
 0.1 kb	 0.0% Packages/com.unity.ugui/Tests/Runtime/Canvas/NoActiveCameraInSceneDoesNotCrashEditor.cs
 0.1 kb	 0.0% Packages/com.unity.ugui/Tests/Runtime/Canvas/CanvasSizeCorrectInAwakeAndStartScript.cs
 0.1 kb	 0.0% Packages/com.unity.timeline/Runtime/Animation/AnimationPreviewUpdateCallback.cs
 0.1 kb	 0.0% Packages/com.unity.timeline/Runtime/Animation/AnimationOutputWeightProcessor.cs
 0.1 kb	 0.0% Packages/com.unity.test-framework/UnityEngine.TestRunner/Utils/Vector4EqualityComparer.cs
 0.1 kb	 0.0% Packages/com.unity.test-framework/UnityEngine.TestRunner/Utils/Vector3EqualityComparer.cs
 0.1 kb	 0.0% Packages/com.unity.test-framework/UnityEngine.TestRunner/Utils/Vector2EqualityComparer.cs
 0.1 kb	 0.0% Packages/com.unity.test-framework/UnityEngine.TestRunner/Utils/TestRunCallbackListener.cs
 0.1 kb	 0.0% Packages/com.unity.test-framework/UnityEngine.TestRunner/Utils/FloatEqualityComparer.cs
 0.1 kb	 0.0% Packages/com.unity.test-framework/UnityEngine.TestRunner/Utils/ColorEqualityComparer.cs
 0.1 kb	 0.0% Packages/com.unity.test-framework/UnityEngine.TestRunner/Utils/AssemblyProvider/ScriptingRuntimeProxy.cs
 0.1 kb	 0.0% Packages/com.unity.test-framework/UnityEngine.TestRunner/TestRunner/SynchronousFilter.cs
 0.1 kb	 0.0% Packages/com.unity.test-framework/UnityEngine.TestRunner/TestRunner/RemoteHelpers/RemoteTestResultData.cs
 0.1 kb	 0.0% Packages/de.dfki.mmiunity-core/Runtime/MMICSharp-Core/MMICore/Services/ServiceRegistrationHandler.cs
 0.1 kb	 0.0% Packages/de.dfki.mmiunity-core/Runtime/MMICSharp-Core/MMICore/Extensions/MTranslationConstraintExtensions.cs
 0.1 kb	 0.0% Packages/de.dfki.mmiunity-core/Runtime/MMICSharp-Core/MMICore/Extensions/MRotationConstraintExtensions.cs
 0.1 kb	 0.0% Packages/de.dfki.mmiunity-core/Runtime/MMICSharp-Core/MMICore/Extensions/MGeometryConstraintExtensions.cs
 0.1 kb	 0.0% Packages/de.dfki.mmiunity-core/Runtime/MMICSharp-Core/MMICore/Extensions/MAvatarPostureValuesExtensions.cs
 0.1 kb	 0.0% Packages/de.dfki.mmiunity-core/Runtime/MMICSharp-Core/MMICore/Common/Attributes/MMUDescriptionAttribute.cs
 0.1 kb	 0.0% Packages/de.dfki.mmiunity-core/Runtime/MMICSharp-Core/MMICore/Clients/Services/PostureBlendingServiceClient.cs
 0.1 kb	 0.0% Packages/de.dfki.mmiunity-core/Runtime/MMICSharp-Core/MMICore/Clients/Services/PathPlanningServiceClient.cs
 0.1 kb	 0.0% Packages/de.dfki.mmiunity-core/Runtime/MMICSharp-Core/MMICore/Adapter/ThriftAdapterImplementation.cs
 0.1 kb	 0.0% Packages/de.dfki.mmiunity-core/Runtime/MMICSharp-Core/MMICore/Adapter/AdapterRegistrationHandler.cs
 0.1 kb	 0.0% Packages/de.dfki.mmiunity-core/Runtime/MMICSharp-Core/MMICore/Access/Abstraction/MotionModelUnitAccess.cs
 0.1 kb	 0.0% Packages/com.unity.ugui/Runtime/UI/Core/Layout/HorizontalOrVerticalLayoutGroup.cs
 0.1 kb	 0.0% Packages/com.unity.test-framework/UnityEngine.TestRunner/Utils/TestRunCallbackAttribute.cs
 0.1 kb	 0.0% Packages/com.unity.test-framework/UnityEngine.TestRunner/TestRunner/TestListenerWrapper.cs
 0.1 kb	 0.0% Packages/com.unity.test-framework/UnityEngine.TestRunner/NUnitExtensions/TestExtensions.cs
 0.1 kb	 0.0% Packages/com.unity.test-framework/UnityEngine.TestRunner/NUnitExtensions/Runner/FailCommand.cs
 0.1 kb	 0.0% Packages/com.unity.test-framework/UnityEngine.TestRunner/NUnitExtensions/Commands/UnityTestMethodCommand.cs
 0.1 kb	 0.0% Packages/com.unity.test-framework/UnityEngine.TestRunner/NUnitExtensions/BaseDelegator.cs
 0.1 kb	 0.0% Packages/com.unity.test-framework/UnityEngine.TestRunner/NUnitExtensions/Attributes/UnityTearDownAttribute.cs
 0.1 kb	 0.0% Packages/com.unity.test-framework/UnityEngine.TestRunner/NUnitExtensions/Attributes/UnityPlatformAttribute.cs
 0.1 kb	 0.0% Packages/com.unity.test-framework/UnityEngine.TestRunner/NUnitExtensions/ActionDelegator.cs
 0.1 kb	 0.0% Packages/de.dfki.mmiunity-core/Runtime/MMICSharp-Core/MMICore/Common/Tools/InstructionValidation.cs
 0.1 kb	 0.0% Packages/de.dfki.mmiunity-core/Runtime/MMICSharp-Core/MMICore/CoSimulation/Solvers/JointConstraintSolver.cs
 0.1 kb	 0.0% Packages/de.dfki.mmiunity-core/Runtime/MMICSharp-Core/MMICore/Adapter/MMUProvider/ZipBasedMMUProvider.cs
 0.1 kb	 0.0% Packages/de.dfki.mmiunity-core/Runtime/MMICSharp-Core/MMICore/Adapter/MMUProvider/FileBasedMMUProvider.cs
 0.1 kb	 0.0% Packages/de.dfki.mmiunity-core/Runtime/MMICSharp-Core/MMICore/Adapter/MMUProvider/CompositeMMUProvider.cs
 0.1 kb	 0.0% Packages/com.unity.ugui/Tests/Runtime/NestedLayout/SceneWithNestedLayoutElementsLoads.cs
 0.1 kb	 0.0% Packages/com.unity.ugui/Tests/Runtime/Canvas/CoroutineWorksIfUIObjectIsAttached.cs
 0.1 kb	 0.0% Packages/com.unity.timeline/Runtime/Utilities/AnimationPreviewUtilities.cs
 0.1 kb	 0.0% Packages/com.unity.timeline/Runtime/Playables/TimeNotificationBehaviour.cs
 0.1 kb	 0.0% Packages/com.unity.timeline/Runtime/Playables/ActivationControlPlayable.cs
 0.1 kb	 0.0% Packages/com.unity.test-framework/UnityEngine.TestRunner/Utils/AssemblyProvider/AssemblyLoadProxy.cs
 0.1 kb	 0.0% Packages/com.unity.test-framework/UnityEngine.TestRunner/TestRunner/RemoteHelpers/RemoteTestData.cs
 0.1 kb	 0.0% Packages/de.dfki.mmiunity-core/Runtime/MMIUnity/Retargeting/SkeletonVisualization.cs
 0.1 kb	 0.0% Packages/de.dfki.mmiunity-core/Runtime/MMICSharp-Core/MMIStandard/MWalkPointEstimationService.cs
 0.1 kb	 0.0% Packages/de.dfki.mmiunity-core/Runtime/MMICSharp-Core/MMIStandard/MSphereColliderProperties.cs
 0.1 kb	 0.0% Packages/de.dfki.mmiunity-core/Runtime/MMICSharp-Core/MMIStandard/MInverseKinematicsService.cs
 0.1 kb	 0.0% Packages/de.dfki.mmiunity-core/Runtime/MMICSharp-Core/MMIStandard/MCylinderColliderProperties.cs
 0.1 kb	 0.0% Packages/de.dfki.mmiunity-core/Runtime/MMICSharp-Core/MMIStandard/MCollisionDetectionService.cs
 0.1 kb	 0.0% Packages/de.dfki.mmiunity-core/Runtime/MMICSharp-Core/MMIStandard/MCoSimulationEventCallback.cs
 0.1 kb	 0.0% Packages/de.dfki.mmiunity-core/Runtime/MMICSharp-Core/MMIStandard/MCapsuleColliderProperties.cs
 0.1 kb	 0.0% Packages/de.dfki.mmiunity-core/Runtime/MMICSharp-Core/MMICore/Extensions/PropertiesCreator.cs
 0.1 kb	 0.0% Packages/de.dfki.mmiunity-core/Runtime/MMICSharp-Core/MMICore/Extensions/MPathConstraintExtensions.cs
 0.1 kb	 0.0% Packages/de.dfki.mmiunity-core/Runtime/MMICSharp-Core/MMICore/Common/Attributes/MParameterAttribute.cs
 0.1 kb	 0.0% Packages/de.dfki.mmiunity-core/Runtime/MMICSharp-Core/MMICore/Common/Attributes/MDependencyAttribute.cs
 0.1 kb	 0.0% Packages/de.dfki.mmiunity-core/Runtime/MMICSharp-Core/MMICore/Clients/Services/RetargetingServiceClient.cs
 0.1 kb	 0.0% Packages/de.dfki.mmiunity-core/Runtime/MMICSharp-Core/MMICore/Clients/Services/MMIRegisterServiceClient.cs
 0.1 kb	 0.0% Packages/de.dfki.mmiunity-core/Runtime/MMICSharp-Core/MMICore/Clients/Services/GraspPoseServiceClient.cs
 0.1 kb	 0.0% Packages/de.dfki.mmiunity-core/Runtime/MMICSharp-Core/MMICore/Access/Abstraction/RemoteAdapterAccess.cs
 0.1 kb	 0.0% Packages/de.dfki.mmiunity-core/Runtime/MMICSharp-Core/MMICore/Access/Abstraction/LocalAdapterAccess.cs
 0.1 kb	 0.0% Packages/com.unity.ugui/Tests/Runtime/Util/UIBehaviourExtensions.cs
 0.1 kb	 0.0% Packages/com.unity.ugui/Runtime/EventSystem/InputModules/StandaloneInputModule.cs
 0.1 kb	 0.0% Packages/com.unity.timeline/Runtime/AssetUpgrade/AnimationTrackUpgrade.cs
 0.1 kb	 0.0% Packages/com.unity.test-framework/UnityEngine.TestRunner/TestRunner/Messages/IEditModeTestYieldInstruction.cs
 0.1 kb	 0.0% Packages/com.unity.test-framework/UnityEngine.TestRunner/NUnitExtensions/Commands/TestCommandPcHelper.cs
 0.1 kb	 0.0% Packages/com.unity.test-framework/UnityEngine.TestRunner/NUnitExtensions/Commands/TestActionCommand.cs
 0.1 kb	 0.0% Packages/com.unity.test-framework/UnityEngine.TestRunner/NUnitExtensions/Commands/SetUpTearDownCommand.cs
 0.1 kb	 0.0% Packages/com.unity.test-framework/UnityEngine.TestRunner/NUnitExtensions/Commands/EnumerableTestState.cs
 0.1 kb	 0.0% Packages/com.unity.test-framework/UnityEngine.TestRunner/NUnitExtensions/Attributes/UnityTestAttribute.cs
 0.1 kb	 0.0% Packages/com.unity.test-framework/UnityEngine.TestRunner/NUnitExtensions/Attributes/UnitySetUpAttribute.cs
 0.1 kb	 0.0% Packages/de.dfki.mmiunity-core/Runtime/MMICSharp-Core/MMICore/Common/Tools/TransitionModeler.cs
 0.1 kb	 0.0% Packages/de.dfki.mmiunity-core/Runtime/MMICSharp-Core/MMICore/Common/Tools/ConstraintManager.cs
 0.1 kb	 0.0% Packages/de.dfki.mmiunity-core/Runtime/MMICSharp-Core/MMICore/Common/Communication/Serialization.cs
 0.1 kb	 0.0% Packages/de.dfki.mmiunity-core/Runtime/MMICSharp-Core/MMICore/CoSimulation/SynchronizationCondition.cs
 0.1 kb	 0.0% Packages/de.dfki.mmiunity-core/Runtime/MMICSharp-Core/MMICore/CoSimulation/Solvers/LocalPostureSolver.cs
 0.1 kb	 0.0% Packages/com.unity.ugui/Tests/Runtime/InputField/GenericInputFieldTests.cs
 0.1 kb	 0.0% Packages/com.unity.ugui/Tests/Runtime/InputField/DesktopInputFieldTests.cs
 0.1 kb	 0.0% Packages/com.unity.ugui/Tests/Runtime/Canvas/RectTransformValidAfterEnable.cs
 0.1 kb	 0.0% Packages/com.unity.ugui/Tests/Runtime/Canvas/NestedCanvasMaintainsCorrectSize.cs
 0.1 kb	 0.0% Packages/com.unity.ugui/Tests/Runtime/Canvas/CheckMeshColorsAndColors32Match.cs
 0.1 kb	 0.0% Packages/com.unity.ugui/Tests/Runtime/Canvas/CanvasSizeCorrectInAwakeAndStart.cs
 0.1 kb	 0.0% Packages/com.unity.ugui/Tests/Runtime/Canvas/BridgeScriptForRetainingObjects.cs
 0.1 kb	 0.0% Packages/com.unity.timeline/Runtime/Utilities/TimelineCreateUtilities.cs
 0.1 kb	 0.0% Packages/com.unity.timeline/Runtime/Utilities/NotificationUtilities.cs
 0.1 kb	 0.0% Packages/com.unity.timeline/Runtime/Playables/PrefabControlPlayable.cs
 0.1 kb	 0.0% Packages/com.unity.timeline/Runtime/Playables/ParticleControlPlayable.cs
 0.1 kb	 0.0% Packages/com.unity.timeline/Runtime/Playables/DirectorControlPlayable.cs
 0.1 kb	 0.0% Packages/com.unity.timeline/Runtime/Events/Signals/CustomSignalEventDrawer.cs
 0.1 kb	 0.0% Packages/com.unity.timeline/Runtime/Animation/AnimationPlayableAsset.cs
 0.1 kb	 0.0% Packages/com.unity.timeline/Runtime/Activation/ActivationPlayableAsset.cs
 0.1 kb	 0.0% Packages/com.unity.timeline/Runtime/Activation/ActivationMixerPlayable.cs
 0.1 kb	 0.0% Packages/com.unity.textmeshpro/Scripts/Runtime/TMP_ScrollbarEventHandler.cs
 0.1 kb	 0.0% Packages/com.unity.textmeshpro/Scripts/Runtime/TMP_PackageResourceImporter.cs
 0.1 kb	 0.0% Packages/com.unity.textmeshpro/Scripts/Runtime/TMP_EditorResourceManager.cs
 0.1 kb	 0.0% Packages/com.unity.test-framework/UnityEngine.TestRunner/Utils/CoroutineRunner.cs
 0.1 kb	 0.0% Packages/com.unity.test-framework/UnityEngine.TestRunner/Utils/AssemblyProvider/AssemblyWrapper.cs
 0.1 kb	 0.0% Packages/de.dfki.mmiunity-core/Runtime/MMICSharp-Core/MMIStandard/MTranslationConstraint.cs
 0.1 kb	 0.0% Packages/de.dfki.mmiunity-core/Runtime/MMICSharp-Core/MMIStandard/MTransformManipulation.cs
 0.1 kb	 0.0% Packages/de.dfki.mmiunity-core/Runtime/MMICSharp-Core/MMIStandard/MPropertyManipulation.cs
 0.1 kb	 0.0% Packages/de.dfki.mmiunity-core/Runtime/MMICSharp-Core/MMIStandard/MPostureBlendingService.cs
 0.1 kb	 0.0% Packages/de.dfki.mmiunity-core/Runtime/MMICSharp-Core/MMIStandard/MMeshColliderProperties.cs
 0.1 kb	 0.0% Packages/de.dfki.mmiunity-core/Runtime/MMICSharp-Core/MMIStandard/MExecutableDescription.cs
 0.1 kb	 0.0% Packages/de.dfki.mmiunity-core/Runtime/MMICSharp-Core/MMIStandard/MCoordinateSystemMapper.cs
 0.1 kb	 0.0% Packages/de.dfki.mmiunity-core/Runtime/MMICSharp-Core/MMIStandard/MConeColliderProperties.cs
 0.1 kb	 0.0% Packages/de.dfki.mmiunity-core/Runtime/MMICSharp-Core/MMIStandard/MBoxColliderProperties.cs
 0.1 kb	 0.0% Packages/de.dfki.mmiunity-core/Runtime/MMICSharp-Core/MMIStandard/MAttachmentManipulation.cs
 0.1 kb	 0.0% Packages/de.dfki.mmiunity-core/Runtime/MMICSharp-Core/MMIStandard/MAccelerationConstraint.cs
 0.1 kb	 0.0% Packages/de.dfki.mmiunity-core/Runtime/MMICSharp-Core/MMICore/Services/ServiceController.cs
 0.1 kb	 0.0% Packages/de.dfki.mmiunity-core/Runtime/MMICSharp-Core/MMICore/Extensions/MSceneObjectFactory.cs
 0.1 kb	 0.0% Packages/de.dfki.mmiunity-core/Runtime/MMICSharp-Core/MMICore/Extensions/MQuaternionExtensions.cs
 0.1 kb	 0.0% Packages/de.dfki.mmiunity-core/Runtime/MMICSharp-Core/MMICore/Extensions/MAvatarPostureExtensions.cs
 0.1 kb	 0.0% Packages/de.dfki.mmiunity-core/Runtime/MMICSharp-Core/MMICore/Clients/Services/MMIServiceBaseClient.cs
 0.1 kb	 0.0% Packages/de.dfki.mmiunity-core/Runtime/MMICSharp-Core/MMICore/Adapter/AdapterController.cs
 0.1 kb	 0.0% Packages/com.unity.ugui/Tests/Runtime/Util/GraphicTestHelper.cs
 0.1 kb	 0.0% Packages/com.unity.ugui/Tests/Runtime/Util/ExceptionUtils.cs
 0.1 kb	 0.0% Packages/com.unity.ugui/Tests/Runtime/MaskClipping/RectMask2DClipping.cs
 0.1 kb	 0.0% Packages/com.unity.ugui/Tests/Runtime/Layout/VerticalLayoutGroupTests.cs
 0.1 kb	 0.0% Packages/com.unity.ugui/Tests/Runtime/Layout/ContentSizeFitterTests.cs
 0.1 kb	 0.0% Packages/com.unity.ugui/Runtime/UI/Core/Utility/ReflectionMethodsCache.cs
 0.1 kb	 0.0% Packages/com.unity.ugui/Runtime/UI/Core/MultipleDisplayUtilities.cs
 0.1 kb	 0.0% Packages/com.unity.ugui/Runtime/UI/Core/Layout/HorizontalLayoutGroup.cs
 0.1 kb	 0.0% Packages/com.unity.ugui/Runtime/UI/Core/GraphicRebuildTracker.cs
 0.1 kb	 0.0% Packages/com.unity.ugui/Runtime/UI/Core/Culling/RectangularVertexClipper.cs
 0.1 kb	 0.0% Packages/com.unity.ugui/Runtime/EventSystem/Raycasters/Physics2DRaycaster.cs
 0.1 kb	 0.0% Packages/com.unity.ugui/Runtime/EventSystem/InputModules/PointerInputModule.cs
 0.1 kb	 0.0% Packages/com.unity.test-framework/UnityEngine.TestRunner/Utils/PrebuildSceneSetupAttribute.cs
 0.1 kb	 0.0% Packages/com.unity.test-framework/UnityEngine.TestRunner/Utils/AttributeHelper.cs
 0.1 kb	 0.0% Packages/com.unity.test-framework/UnityEngine.TestRunner/TestRunner/RemoteHelpers/IRemoteTestResultDataFactory.cs
 0.1 kb	 0.0% Packages/com.unity.test-framework/UnityEngine.TestRunner/NUnitExtensions/Runner/IEnumerableTestMethodCommand.cs
 0.1 kb	 0.0% Packages/com.unity.test-framework/UnityEngine.TestRunner/NUnitExtensions/IAsyncTestAssemblyBuilder.cs
 0.1 kb	 0.0% Packages/com.unity.test-framework/UnityEngine.TestRunner/NUnitExtensions/Commands/BeforeAfterTestCommandBase.cs
 0.1 kb	 0.0% Packages/com.unity.test-framework/UnityEngine.TestRunner/NUnitExtensions/Attributes/TestEnumerator.cs
 0.1 kb	 0.0% Packages/de.dfki.mmiunity-core/Runtime/MMIUnity/UnityJointTypeMapping.cs
 0.1 kb	 0.0% Packages/de.dfki.mmiunity-core/Runtime/MMICSharp-Core/MMIStandard/MTranslationConstraintType.cs
 0.1 kb	 0.0% Packages/de.dfki.mmiunity-core/Runtime/MMICSharp-Core/MMICore/Common/Skeleton/RetargetingService.cs
 0.1 kb	 0.0% Packages/de.dfki.mmiunity-core/Runtime/MMICSharp-Core/MMICore/Common/Skeleton/IntermediateSkeleton.cs
 0.1 kb	 0.0% Packages/de.dfki.mmiunity-core/Runtime/MMICSharp-Core/MMICore/Common/Communication/WebAccess.cs
 0.1 kb	 0.0% Packages/de.dfki.mmiunity-core/Runtime/MMICSharp-Core/MMICore/Common/Communication/Extensions.cs
 0.1 kb	 0.0% Packages/de.dfki.mmiunity-core/Runtime/MMICSharp-Core/MMICore/CoSimulation/CoSimulationRecord.cs
 0.1 kb	 0.0% Packages/de.dfki.mmiunity-core/Runtime/MMICSharp-Core/MMICore/CoSimulation/CoSimulationLogEvent.cs
 0.1 kb	 0.0% Packages/de.dfki.mmiunity-core/Runtime/MMICSharp-Core/MMICore/CoSimulation/CoSimulationFrame.cs
 0.1 kb	 0.0% Packages/de.dfki.mmiunity-core/Runtime/MMICSharp-Core/MMICore/CoSimulation/CoSimulationAccess.cs
 0.1 kb	 0.0% Packages/de.dfki.mmiunity-core/Runtime/Adapter/UnityMMUInstantiator.cs
 0.1 kb	 0.0% Packages/com.unity.ugui/Tests/Runtime/TextEditor/TextEditorBackspaceDelete.cs
 0.1 kb	 0.0% Packages/com.unity.ugui/Tests/Runtime/Layout/HorizonalLayoutGroupTests.cs
 0.1 kb	 0.0% Packages/com.unity.ugui/Tests/Runtime/InputField/TouchInputFieldTests.cs
 0.1 kb	 0.0% Packages/com.unity.ugui/Tests/Runtime/EventSystem/InputModuleTests/PointerClickCallbackCheck.cs
 0.1 kb	 0.0% Packages/com.unity.ugui/Tests/Runtime/Canvas/SiblingOrderChangesLayout.cs
 0.1 kb	 0.0% Packages/com.unity.ugui/Tests/Runtime/Canvas/CanvasGroupInheritedAlpha.cs
 0.1 kb	 0.0% Packages/com.unity.timeline/Runtime/Utilities/AnimatorBindingCache.cs
 0.1 kb	 0.0% Packages/com.unity.timeline/Runtime/Playables/TimeControlPlayable.cs
 0.1 kb	 0.0% Packages/com.unity.timeline/Runtime/Evaluation/ScheduleRuntimeClip.cs
 0.1 kb	 0.0% Packages/com.unity.timeline/Runtime/Evaluation/InfiniteRuntimeClip.cs
 0.1 kb	 0.0% Packages/com.unity.timeline/Runtime/Control/ControlPlayableAsset.cs
 0.1 kb	 0.0% Packages/com.unity.timeline/Runtime/Audio/AudioPlayableAsset.cs
 0.1 kb	 0.0% Packages/com.unity.timeline/Runtime/Audio/AudioMixerProperties.cs
 0.1 kb	 0.0% Packages/com.unity.timeline/Runtime/Audio/AudioClipProperties.cs
 0.1 kb	 0.0% Packages/com.unity.timeline/Runtime/Attributes/TrackColorAttribute.cs
 0.1 kb	 0.0% Packages/com.unity.textmeshpro/Scripts/Runtime/TMPro_ExtensionMethods.cs
 0.1 kb	 0.0% Packages/com.unity.textmeshpro/Scripts/Runtime/TMP_TextParsingUtilities.cs
 0.1 kb	 0.0% Packages/com.unity.textmeshpro/Scripts/Runtime/TMP_TextElement_Legacy.cs
 0.1 kb	 0.0% Packages/com.unity.textmeshpro/Scripts/Runtime/TMP_SpriteAssetImportFormats.cs
 0.1 kb	 0.0% Packages/com.unity.textmeshpro/Scripts/Runtime/TMP_FontAssetUtilities.cs
 0.1 kb	 0.0% Packages/com.unity.textmeshpro/Scripts/Runtime/MaterialReferenceManager.cs
 0.1 kb	 0.0% Packages/de.dfki.mmiunity-core/Runtime/MMIUnity/Retargeting/IJointAlignment.cs
 0.1 kb	 0.0% Packages/de.dfki.mmiunity-core/Runtime/MMICSharp-Core/MMIStandard/MVelocityConstraint.cs
 0.1 kb	 0.0% Packages/de.dfki.mmiunity-core/Runtime/MMICSharp-Core/MMIStandard/MSynchronizableScene.cs
 0.1 kb	 0.0% Packages/de.dfki.mmiunity-core/Runtime/MMICSharp-Core/MMIStandard/MSimulationResult.cs
 0.1 kb	 0.0% Packages/de.dfki.mmiunity-core/Runtime/MMICSharp-Core/MMIStandard/MServiceDescription.cs
 0.1 kb	 0.0% Packages/de.dfki.mmiunity-core/Runtime/MMICSharp-Core/MMIStandard/MSceneObjectUpdate.cs
 0.1 kb	 0.0% Packages/de.dfki.mmiunity-core/Runtime/MMICSharp-Core/MMIStandard/MSceneManipulation.cs
 0.1 kb	 0.0% Packages/de.dfki.mmiunity-core/Runtime/MMICSharp-Core/MMIStandard/MRotationConstraint.cs
 0.1 kb	 0.0% Packages/de.dfki.mmiunity-core/Runtime/MMICSharp-Core/MMIStandard/MRetargetingService.cs
 0.1 kb	 0.0% Packages/de.dfki.mmiunity-core/Runtime/MMICSharp-Core/MMIStandard/MPostureConstraint.cs
 0.1 kb	 0.0% Packages/de.dfki.mmiunity-core/Runtime/MMICSharp-Core/MMIStandard/MPhysicsProperties.cs
 0.1 kb	 0.0% Packages/de.dfki.mmiunity-core/Runtime/MMICSharp-Core/MMIStandard/MPhysicsInteraction.cs
 0.1 kb	 0.0% Packages/de.dfki.mmiunity-core/Runtime/MMICSharp-Core/MMIStandard/MPathPlanningService.cs
 0.1 kb	 0.0% Packages/de.dfki.mmiunity-core/Runtime/MMICSharp-Core/MMIStandard/MMIRegisterService.cs
 0.1 kb	 0.0% Packages/de.dfki.mmiunity-core/Runtime/MMICSharp-Core/MMIStandard/MJointPathConstraint.cs
 0.1 kb	 0.0% Packages/de.dfki.mmiunity-core/Runtime/MMICSharp-Core/MMIStandard/MGraspPoseService.cs
 0.1 kb	 0.0% Packages/de.dfki.mmiunity-core/Runtime/MMICSharp-Core/MMIStandard/MGeometryConstraint.cs
 0.1 kb	 0.0% Packages/de.dfki.mmiunity-core/Runtime/MMICSharp-Core/MMIStandard/MCoSimulationEvents.cs
 0.1 kb	 0.0% Packages/de.dfki.mmiunity-core/Runtime/MMICSharp-Core/MMIStandard/MCoSimulationAccess.cs
 0.1 kb	 0.0% Packages/de.dfki.mmiunity-core/Runtime/MMICSharp-Core/MMIStandard/MAvatarPostureValues.cs
 0.1 kb	 0.0% Packages/de.dfki.mmiunity-core/Runtime/MMICSharp-Core/MMIStandard/MAvatarDescription.cs
 0.1 kb	 0.0% Packages/de.dfki.mmiunity-core/Runtime/MMICSharp-Core/MMIStandard/MAdapterDescription.cs
 0.1 kb	 0.0% Packages/de.dfki.mmiunity-core/Runtime/MMICSharp-Core/MMICore/Extensions/MVector3Extensions.cs
 0.1 kb	 0.0% Packages/de.dfki.mmiunity-core/Runtime/MMICSharp-Core/MMICore/Extensions/MTransformExtensions.cs
 0.1 kb	 0.0% Packages/de.dfki.mmiunity-core/Runtime/MMICSharp-Core/MMICore/Extensions/MIntervalExtensions.cs
 0.1 kb	 0.0% Packages/de.dfki.mmiunity-core/Runtime/MMICSharp-Core/MMICore/Extensions/MAvatarExtensions.cs
 0.1 kb	 0.0% Packages/de.dfki.mmiunity-core/Runtime/MMICSharp-Core/MMICore/Clients/Services/IKServiceClient.cs
 0.1 kb	 0.0% Packages/de.dfki.mmiunity-core/Runtime/MMICSharp-Core/MMICore/Clients/AdapterClient.cs
 0.1 kb	 0.0% Packages/de.dfki.mmiunity-core/Runtime/MMICSharp-Core/MMICore/Adapter/SessionContent.cs
 0.1 kb	 0.0% Packages/de.dfki.mmiunity-core/Runtime/MMICSharp-Core/MMICore/Adapter/SessionCleaner.cs
 0.1 kb	 0.0% Packages/de.dfki.mmiunity-core/Runtime/MMICSharp-Core/MMICore/Adapter/AdapterServer.cs
 0.1 kb	 0.0% Packages/de.dfki.mmiunity-core/Runtime/MMICSharp-Core/MMICore/Access/Abstraction/Threading.cs
 0.1 kb	 0.0% Packages/de.dfki.mmiunity-core/Runtime/MMICSharp-Core/MMICore/Access/Abstraction/MMIService.cs
 0.1 kb	 0.0% Packages/com.unity.ugui/Tests/Runtime/Util/ConcreteGraphic.cs
 0.1 kb	 0.0% Packages/com.unity.ugui/Tests/Runtime/Toggle/TestableToggleGroup.cs
 0.1 kb	 0.0% Packages/com.unity.ugui/Tests/Runtime/Layout/LayoutGroupScaling.cs
 0.1 kb	 0.0% Packages/com.unity.ugui/Tests/Runtime/EventSystem/SelectableTests.cs
 0.1 kb	 0.0% Packages/com.unity.ugui/Runtime/UI/Core/SetPropertyUtility.cs
 0.1 kb	 0.0% Packages/com.unity.ugui/Runtime/UI/Core/Layout/VerticalLayoutGroup.cs
 0.1 kb	 0.0% Packages/com.unity.ugui/Runtime/UI/Core/Layout/ContentSizeFitter.cs
 0.1 kb	 0.0% Packages/com.unity.ugui/Runtime/UI/Core/Layout/AspectRatioFitter.cs
 0.1 kb	 0.0% Packages/com.unity.ugui/Runtime/UI/Core/FontUpdateTracker.cs
 0.1 kb	 0.0% Packages/com.unity.ugui/Runtime/UI/Core/CanvasUpdateRegistry.cs
 0.1 kb	 0.0% Packages/com.unity.ugui/Runtime/UI/Core/AnimationTriggers.cs
 0.1 kb	 0.0% Packages/com.unity.ugui/Runtime/EventSystem/Raycasters/PhysicsRaycaster.cs
 0.1 kb	 0.0% Packages/com.unity.ugui/Runtime/EventSystem/Raycasters/BaseRaycaster.cs
 0.1 kb	 0.0% Packages/com.unity.ugui/Runtime/EventSystem/RaycasterManager.cs
 0.1 kb	 0.0% Packages/com.unity.ugui/Runtime/EventSystem/InputModules/TouchInputModule.cs
 0.1 kb	 0.0% Packages/com.unity.ugui/Runtime/EventSystem/InputModules/BaseInputModule.cs
 0.1 kb	 0.0% Packages/com.unity.ugui/Runtime/EventSystem/ExecuteEvents.cs
 0.1 kb	 0.0% Packages/com.unity.ugui/Runtime/EventSystem/EventData/PointerEventData.cs
 0.1 kb	 0.0% Packages/com.unity.ugui/Runtime/EventSystem/EventData/BaseEventData.cs
 0.1 kb	 0.0% Packages/com.unity.ugui/Runtime/EventSystem/EventData/AxisEventData.cs
 0.1 kb	 0.0% Packages/com.unity.timeline/Runtime/TimelineAsset_CreateRemove.cs
 0.1 kb	 0.0% Packages/com.unity.timeline/Runtime/Events/INotificationOptionProvider.cs
 0.1 kb	 0.0% Packages/com.unity.test-framework/UnityEngine.TestRunner/Utils/IOuterUnityTestAction.cs
 0.1 kb	 0.0% Packages/com.unity.test-framework/UnityEngine.TestRunner/Utils/AssemblyProvider/ITestAssemblyProvider.cs
 0.1 kb	 0.0% Packages/com.unity.test-framework/UnityEngine.TestRunner/Utils/AssemblyProvider/IScriptingRuntimeProxy.cs
 0.1 kb	 0.0% Packages/com.unity.test-framework/UnityEngine.TestRunner/Assertions/LogScope/LogScope.cs
 0.1 kb	 0.0% Packages/com.unity.test-framework/UnityEngine.TestRunner/Assertions/LogScope/LogMatch.cs
 0.1 kb	 0.0% Packages/com.unity.test-framework/UnityEngine.TestRunner/Assertions/LogScope/LogEvent.cs
 0.1 kb	 0.0% Packages/com.unity.test-framework/UnityEngine.TestRunner/Assertions/LogAssert.cs
 0.1 kb	 0.0% Packages/com.unity.test-framework/UnityEngine.TestRunner/Assertions/ConstraintsExtensions.cs
 0.1 kb	 0.0% Packages/de.dfki.mmiunity-core/Runtime/MMIUnity/UnityColliderFactory.cs
 0.1 kb	 0.0% Packages/de.dfki.mmiunity-core/Runtime/MMIUnity/TransformExtensions.cs
 0.1 kb	 0.0% Packages/de.dfki.mmiunity-core/Runtime/MMIUnity/MainThreadDispatcher.cs
 0.1 kb	 0.0% Packages/de.dfki.mmiunity-core/Runtime/MMIUnity/AnimationEndEvent.cs
 0.1 kb	 0.0% Packages/de.dfki.mmiunity-core/Runtime/MMICSharp-Core/MMIStandard/MPhysicsInteractionType.cs
 0.1 kb	 0.0% Packages/de.dfki.mmiunity-core/Runtime/MMICSharp-Core/MMIStandard/MCoordinateSystemType.cs
 0.1 kb	 0.0% Packages/de.dfki.mmiunity-core/Runtime/MMICSharp-Core/MMICore/Extensions/MotionInstructionFactory.cs
 0.1 kb	 0.0% Packages/de.dfki.mmiunity-core/Runtime/MMICSharp-Core/MMICore/Common/Tools/BlendingMask.cs
 0.1 kb	 0.0% Packages/de.dfki.mmiunity-core/Runtime/MMICSharp-Core/MMICore/Common/ThriftServerBase.cs
 0.1 kb	 0.0% Packages/de.dfki.mmiunity-core/Runtime/MMICSharp-Core/MMICore/Common/Skeleton/ISDescription.cs
 0.1 kb	 0.0% Packages/de.dfki.mmiunity-core/Runtime/MMICSharp-Core/MMICore/Common/ServiceAccess.cs
 0.1 kb	 0.0% Packages/de.dfki.mmiunity-core/Runtime/MMICSharp-Core/MMICore/Common/AdapterEndpoint.cs
 0.1 kb	 0.0% Packages/de.dfki.mmiunity-core/Runtime/MMICSharp-Core/MMICore/CoSimulation/NestedMMUBase.cs
 0.1 kb	 0.0% Packages/de.dfki.mmiunity-core/Runtime/MMICSharp-Core/MMICore/CoSimulation/MMICoSimulator.cs
 0.1 kb	 0.0% Packages/de.dfki.mmiunity-core/Runtime/MMICSharp-Core/MMICore/CoSimulation/Internal/MotionTask.cs
 0.1 kb	 0.0% Packages/de.dfki.mmiunity-core/Runtime/MMICSharp-Core/MMICore/CoSimulation/Internal/MMUContainer.cs
 0.1 kb	 0.0% Packages/de.dfki.mmiunity-core/Runtime/MMICSharp-Core/MMICore/CoSimulation/CoSimulationEnumerator.cs
 0.1 kb	 0.0% Packages/de.dfki.mmiunity-core/Runtime/MMICSharp-Core/MMICore/Adapter/AvatarContent.cs
 0.1 kb	 0.0% Packages/de.dfki.mmiunity-core/Runtime/MMICSharp-Core/MMICore/Access/IMotionModelUnitAccess.cs
 0.1 kb	 0.0% Packages/com.unity.ugui/Tests/Runtime/ScrollRect/ScrollRectStableLayout.cs
 0.1 kb	 0.0% Packages/com.unity.ugui/Tests/Runtime/LayoutGroup/LayoutGroupArrangement.cs
 0.1 kb	 0.0% Packages/com.unity.ugui/Tests/Runtime/InputField/FakeInputModule.cs
 0.1 kb	 0.0% Packages/com.unity.ugui/Tests/Runtime/Image/ImageFilledGenerateWork.cs
 0.1 kb	 0.0% Packages/com.unity.ugui/Tests/Runtime/EventSystem/PhysicsRaycasterTests.cs
 0.1 kb	 0.0% Packages/com.unity.ugui/Tests/Runtime/EventSystem/GraphicRaycasterTests.cs
 0.1 kb	 0.0% Packages/com.unity.timeline/Runtime/Utilities/WeightUtility.cs
 0.1 kb	 0.0% Packages/com.unity.timeline/Runtime/Utilities/Extrapolation.cs
 0.1 kb	 0.0% Packages/com.unity.timeline/Runtime/TimelinePlayable.cs
 0.1 kb	 0.0% Packages/com.unity.timeline/Runtime/TimelineAsset.cs
 0.1 kb	 0.0% Packages/com.unity.timeline/Runtime/Scripting/PlayableTrack.cs
 0.1 kb	 0.0% Packages/com.unity.timeline/Runtime/Events/Signals/SignalReceiver.cs
 0.1 kb	 0.0% Packages/com.unity.timeline/Runtime/Events/Signals/SignalEmitter.cs
 0.1 kb	 0.0% Packages/com.unity.timeline/Runtime/Evaluation/RuntimeElement.cs
 0.1 kb	 0.0% Packages/com.unity.timeline/Runtime/Evaluation/RuntimeClipBase.cs
 0.1 kb	 0.0% Packages/com.unity.timeline/Runtime/Animation/AnimationTrack.cs
 0.1 kb	 0.0% Packages/com.unity.timeline/Runtime/Activation/ActivationTrack.cs
 0.1 kb	 0.0% Packages/com.unity.textmeshpro/Scripts/Runtime/TMPro_EventManager.cs
 0.1 kb	 0.0% Packages/com.unity.textmeshpro/Scripts/Runtime/TMP_UpdateManager.cs
 0.1 kb	 0.0% Packages/com.unity.textmeshpro/Scripts/Runtime/TMP_TextUtilities.cs
 0.1 kb	 0.0% Packages/com.unity.textmeshpro/Scripts/Runtime/TMP_TextProcessingStack.cs
 0.1 kb	 0.0% Packages/com.unity.textmeshpro/Scripts/Runtime/TMP_SpriteCharacter.cs
 0.1 kb	 0.0% Packages/com.unity.textmeshpro/Scripts/Runtime/TMP_SpriteAnimator.cs
 0.1 kb	 0.0% Packages/com.unity.textmeshpro/Scripts/Runtime/TMP_SelectionCaret.cs
 0.1 kb	 0.0% Packages/com.unity.textmeshpro/Scripts/Runtime/TMP_RichTextTagsCommon.cs
 0.1 kb	 0.0% Packages/com.unity.textmeshpro/Scripts/Runtime/TMP_MaterialManager.cs
 0.1 kb	 0.0% Packages/com.unity.textmeshpro/Scripts/Runtime/TMP_InputValidator.cs
 0.1 kb	 0.0% Packages/com.unity.textmeshpro/Scripts/Runtime/TMP_FontFeaturesCommon.cs
 0.1 kb	 0.0% Packages/com.unity.textmeshpro/Scripts/Runtime/TMP_FontFeatureTable.cs
 0.1 kb	 0.0% Packages/com.unity.textmeshpro/Scripts/Runtime/TMP_DefaultControls.cs
 0.1 kb	 0.0% Packages/com.unity.textmeshpro/Scripts/Runtime/TMP_Compatibility.cs
 0.1 kb	 0.0% Packages/com.unity.textmeshpro/Scripts/Runtime/TMP_ColorGradient.cs
 0.1 kb	 0.0% Packages/com.unity.test-framework/UnityEngine.TestRunner/Utils/Utils.cs
 0.1 kb	 0.0% Packages/com.unity.test-framework/UnityEngine.TestRunner/Assertions/Is.cs
 0.1 kb	 0.0% Packages/de.dfki.mmiunity-core/Runtime/MMIUnity/Development/LogViewer.cs
 0.1 kb	 0.0% Packages/de.dfki.mmiunity-core/Runtime/MMICSharp-Core/MMIStandard/MotionModelUnit.cs
 0.1 kb	 0.0% Packages/de.dfki.mmiunity-core/Runtime/MMICSharp-Core/MMIStandard/MTransformUpdate.cs
 0.1 kb	 0.0% Packages/de.dfki.mmiunity-core/Runtime/MMICSharp-Core/MMIStandard/MSkeletonAccess.cs
 0.1 kb	 0.0% Packages/de.dfki.mmiunity-core/Runtime/MMICSharp-Core/MMIStandard/MSimulationState.cs
 0.1 kb	 0.0% Packages/de.dfki.mmiunity-core/Runtime/MMICSharp-Core/MMIStandard/MSimulationEvent.cs
 0.1 kb	 0.0% Packages/de.dfki.mmiunity-core/Runtime/MMICSharp-Core/MMIStandard/MPropertyUpdate.cs
 0.1 kb	 0.0% Packages/de.dfki.mmiunity-core/Runtime/MMICSharp-Core/MMIStandard/MPathConstraint.cs
 0.1 kb	 0.0% Packages/de.dfki.mmiunity-core/Runtime/MMICSharp-Core/MMIStandard/MNavigationMesh.cs
 0.1 kb	 0.0% Packages/de.dfki.mmiunity-core/Runtime/MMICSharp-Core/MMIStandard/MMUDescription.cs
 0.1 kb	 0.0% Packages/de.dfki.mmiunity-core/Runtime/MMICSharp-Core/MMIStandard/MMIServiceBase.cs
 0.1 kb	 0.0% Packages/de.dfki.mmiunity-core/Runtime/MMICSharp-Core/MMIStandard/MJointConstraint.cs
 0.1 kb	 0.0% Packages/de.dfki.mmiunity-core/Runtime/MMICSharp-Core/MMIStandard/MIKServiceResult.cs
 0.1 kb	 0.0% Packages/de.dfki.mmiunity-core/Runtime/MMICSharp-Core/MMIStandard/MBoolResponse.cs
 0.1 kb	 0.0% Packages/de.dfki.mmiunity-core/Runtime/MMICSharp-Core/MMIStandard/MBlendingService.cs
 0.1 kb	 0.0% Packages/de.dfki.mmiunity-core/Runtime/MMICSharp-Core/MMIStandard/MAvatarUpdate.cs
 0.1 kb	 0.0% Packages/de.dfki.mmiunity-core/Runtime/MMICSharp-Core/MMIStandard/MAvatarPosture.cs
 0.1 kb	 0.0% Packages/de.dfki.mmiunity-core/Runtime/MMICSharp-Core/MMICore/Clients/ClientBase.cs
 0.1 kb	 0.0% Packages/de.dfki.mmiunity-core/Runtime/MMICSharp-Core/MMICore/Adapter/SessionID.cs
 0.1 kb	 0.0% Packages/de.dfki.mmiunity-core/Runtime/MMICSharp-Core/MMICore/Adapter/SessionData.cs
 0.1 kb	 0.0% Packages/com.unity.ugui/Tests/Runtime/Util/ImageHook.cs
 0.1 kb	 0.0% Packages/com.unity.ugui/Tests/Runtime/Toggle/ToggleGroupTests.cs
 0.1 kb	 0.0% Packages/com.unity.ugui/Tests/Runtime/Graphic/ImageTests.cs
 0.1 kb	 0.0% Packages/com.unity.ugui/Runtime/UI/Core/VertexModifiers/PositionAsUV1.cs
 0.1 kb	 0.0% Packages/com.unity.ugui/Runtime/UI/Core/VertexModifiers/BaseMeshEffect.cs
 0.1 kb	 0.0% Packages/com.unity.ugui/Runtime/UI/Core/StencilMaterial.cs
 0.1 kb	 0.0% Packages/com.unity.ugui/Runtime/UI/Core/MaskableGraphic.cs
 0.1 kb	 0.0% Packages/com.unity.ugui/Runtime/UI/Core/MaskUtilities.cs
 0.1 kb	 0.0% Packages/com.unity.ugui/Runtime/UI/Core/Layout/LayoutUtility.cs
 0.1 kb	 0.0% Packages/com.unity.ugui/Runtime/UI/Core/Layout/LayoutRebuilder.cs
 0.1 kb	 0.0% Packages/com.unity.ugui/Runtime/UI/Core/Layout/LayoutElement.cs
 0.1 kb	 0.0% Packages/com.unity.ugui/Runtime/UI/Core/Layout/GridLayoutGroup.cs
 0.1 kb	 0.0% Packages/com.unity.ugui/Runtime/UI/Core/IGraphicEnabledDisabled.cs
 0.1 kb	 0.0% Packages/com.unity.ugui/Runtime/UI/Core/GraphicRegistry.cs
 0.1 kb	 0.0% Packages/com.unity.ugui/Runtime/UI/Core/GraphicRaycaster.cs
 0.1 kb	 0.0% Packages/com.unity.ugui/Runtime/UI/Core/DefaultControls.cs
 0.1 kb	 0.0% Packages/com.unity.ugui/Runtime/UI/Core/Culling/ClipperRegistry.cs
 0.1 kb	 0.0% Packages/com.unity.ugui/Runtime/EventSystem/UIBehaviour.cs
 0.1 kb	 0.0% Packages/com.unity.ugui/Runtime/EventSystem/InputModules/BaseInput.cs
 0.1 kb	 0.0% Packages/com.unity.ugui/Runtime/EventSystem/EventTrigger.cs
 0.1 kb	 0.0% Packages/com.unity.ugui/Runtime/EventSystem/EventSystem.cs
 0.1 kb	 0.0% Packages/com.unity.textmeshpro/Tests/Runtime/TMP_RuntimeTests.cs
 0.1 kb	 0.0% Packages/com.unity.test-framework/UnityEngine.TestRunner/Utils/MonoBehaviourTest/MonoBehaviourTest.cs
 0.1 kb	 0.0% Packages/com.unity.test-framework/UnityEngine.TestRunner/Utils/MonoBehaviourTest/IMonoBehaviourTest.cs
 0.1 kb	 0.0% Packages/com.unity.test-framework/UnityEngine.TestRunner/Utils/IPrebuildSceneSetup.cs
 0.1 kb	 0.0% Packages/com.unity.test-framework/UnityEngine.TestRunner/Utils/IPostBuildCleanup.cs
 0.1 kb	 0.0% Packages/com.unity.test-framework/UnityEngine.TestRunner/Utils/AssemblyProvider/IAssemblyLoadProxy.cs
 0.1 kb	 0.0% Packages/com.unity.test-framework/UnityEngine.TestRunner/TestRunner/ITestRunnerListener.cs
 0.1 kb	 0.0% Packages/de.dfki.mmiunity-core/Runtime/MMIUnity/UnityAvatarBase.cs
 0.1 kb	 0.0% Packages/de.dfki.mmiunity-core/Runtime/MMIUnity/Retargeting/VisualizationJoint.cs
 0.1 kb	 0.0% Packages/de.dfki.mmiunity-core/Runtime/MMICSharp-Core/MMICore/Common/Tools/Blending.cs
 0.1 kb	 0.0% Packages/de.dfki.mmiunity-core/Runtime/MMICSharp-Core/MMICore/Common/IMotionModelUnitDev.cs
 0.1 kb	 0.0% Packages/de.dfki.mmiunity-core/Runtime/MMICSharp-Core/MMICore/Common/Extensions.cs
 0.1 kb	 0.0% Packages/de.dfki.mmiunity-core/Runtime/MMICSharp-Core/MMICore/CoSimulation/Solvers/IKSolver.cs
 0.1 kb	 0.0% Packages/de.dfki.mmiunity-core/Runtime/MMICSharp-Core/MMICore/CoSimulation/Solvers/ICoSimulationSolver.cs
 0.1 kb	 0.0% Packages/de.dfki.mmiunity-core/Runtime/MMICSharp-Core/MMICore/CoSimulation/MotionTiming.cs
 0.1 kb	 0.0% Packages/de.dfki.mmiunity-core/Runtime/MMICSharp-Core/MMICore/CoSimulation/CoSimTopic.cs
 0.1 kb	 0.0% Packages/de.dfki.mmiunity-core/Runtime/MMICSharp-Core/MMICore/CoSimulation/CoSimAction.cs
 0.1 kb	 0.0% Packages/de.dfki.mmiunity-core/Runtime/MMICSharp-Core/MMICore/Adapter/IMMUInstantiation.cs
 0.1 kb	 0.0% Packages/de.dfki.mmiunity-core/Runtime/MMICSharp-Core/MMICore/Access/MMUAccess.cs
 0.1 kb	 0.0% Packages/de.dfki.mmiunity-core/Runtime/Adapter/UnityLogger.cs
 0.1 kb	 0.0% Packages/de.dfki.mmiunity-core/Runtime/Adapter/UnityAdapter.cs
 0.1 kb	 0.0% Packages/com.unity.ugui/Tests/Runtime/Util/PrivateFieldSetter.cs
 0.1 kb	 0.0% Packages/com.unity.ugui/Tests/Runtime/Layout/GridLayoutGroupTests.cs
 0.1 kb	 0.0% Packages/com.unity.ugui/Tests/Runtime/Graphic/ToggleTestImageHook.cs
 0.1 kb	 0.0% Packages/com.unity.ugui/Tests/Runtime/EventSystem/RaycastSortingTests.cs
 0.1 kb	 0.0% Packages/com.unity.ugui/Tests/Runtime/EventSystem/InputModuleTests/DragCallbackCheck.cs
 0.1 kb	 0.0% Packages/com.unity.ugui/Tests/Runtime/Canvas/CreateSceneUtility.cs
 0.1 kb	 0.0% Packages/com.unity.timeline/Runtime/Utilities/TimelineUndo.cs
 0.1 kb	 0.0% Packages/com.unity.timeline/Runtime/Utilities/TimeUtility.cs
 0.1 kb	 0.0% Packages/com.unity.timeline/Runtime/Utilities/HashUtility.cs
 0.1 kb	 0.0% Packages/com.unity.timeline/Runtime/TrackAsset.cs
 0.1 kb	 0.0% Packages/com.unity.timeline/Runtime/TimelineClip.cs
 0.1 kb	 0.0% Packages/com.unity.timeline/Runtime/GroupTrack.cs
 0.1 kb	 0.0% Packages/com.unity.timeline/Runtime/Events/Signals/SignalAsset.cs
 0.1 kb	 0.0% Packages/com.unity.timeline/Runtime/Events/SignalTrack.cs
 0.1 kb	 0.0% Packages/com.unity.timeline/Runtime/Events/MarkerTrack.cs
 0.1 kb	 0.0% Packages/com.unity.timeline/Runtime/Evaluation/RuntimeClip.cs
 0.1 kb	 0.0% Packages/com.unity.timeline/Runtime/Control/ControlTrack.cs
 0.1 kb	 0.0% Packages/com.unity.timeline/Runtime/Audio/AudioTrack.cs
 0.1 kb	 0.0% Packages/com.unity.textmeshpro/Scripts/Runtime/TextMeshProUGUI.cs
 0.1 kb	 0.0% Packages/com.unity.textmeshpro/Scripts/Runtime/TextContainer.cs
 0.1 kb	 0.0% Packages/com.unity.textmeshpro/Scripts/Runtime/TMPro_UGUI_Private.cs
 0.1 kb	 0.0% Packages/com.unity.textmeshpro/Scripts/Runtime/TMPro_MeshUtilities.cs
 0.1 kb	 0.0% Packages/com.unity.textmeshpro/Scripts/Runtime/TMP_UpdateRegistery.cs
 0.1 kb	 0.0% Packages/com.unity.textmeshpro/Scripts/Runtime/TMP_TextElement.cs
 0.1 kb	 0.0% Packages/com.unity.textmeshpro/Scripts/Runtime/TMP_SubMeshUI.cs
 0.1 kb	 0.0% Packages/com.unity.textmeshpro/Scripts/Runtime/TMP_StyleSheet.cs
 0.1 kb	 0.0% Packages/com.unity.textmeshpro/Scripts/Runtime/TMP_SpriteGlyph.cs
 0.1 kb	 0.0% Packages/com.unity.textmeshpro/Scripts/Runtime/TMP_SpriteAsset.cs
 0.1 kb	 0.0% Packages/com.unity.textmeshpro/Scripts/Runtime/TMP_ShaderUtilities.cs
 0.1 kb	 0.0% Packages/com.unity.textmeshpro/Scripts/Runtime/TMP_ResourcesManager.cs
 0.1 kb	 0.0% Packages/com.unity.textmeshpro/Scripts/Runtime/TMP_InputField.cs
 0.1 kb	 0.0% Packages/com.unity.textmeshpro/Scripts/Runtime/TMP_FontAssetCommon.cs
 0.1 kb	 0.0% Packages/com.unity.textmeshpro/Scripts/Runtime/TMP_FontAsset.cs
 0.1 kb	 0.0% Packages/com.unity.textmeshpro/Scripts/Runtime/TMP_CoroutineTween.cs
 0.1 kb	 0.0% Packages/com.unity.textmeshpro/Scripts/Runtime/TMP_CharacterInfo.cs
 0.1 kb	 0.0% Packages/com.unity.textmeshpro/Scripts/Runtime/TMP_Character.cs
 0.1 kb	 0.0% Packages/com.unity.textmeshpro/Scripts/Runtime/ITextPreProcessor.cs
 0.1 kb	 0.0% Packages/de.dfki.mmiunity-core/Runtime/MMIUnity/Development/FPSView.cs
 0.1 kb	 0.0% Packages/de.dfki.mmiunity-core/Runtime/MMICSharp-Core/MMIStandard/MWalkPoint.cs
 0.1 kb	 0.0% Packages/de.dfki.mmiunity-core/Runtime/MMICSharp-Core/MMIStandard/MTransform.cs
 0.1 kb	 0.0% Packages/de.dfki.mmiunity-core/Runtime/MMICSharp-Core/MMIStandard/MSceneUpdate.cs
 0.1 kb	 0.0% Packages/de.dfki.mmiunity-core/Runtime/MMICSharp-Core/MMIStandard/MSceneObject.cs
 0.1 kb	 0.0% Packages/de.dfki.mmiunity-core/Runtime/MMICSharp-Core/MMIStandard/MSceneAccess.cs
 0.1 kb	 0.0% Packages/de.dfki.mmiunity-core/Runtime/MMICSharp-Core/MMIStandard/MRDFGraph.cs
 0.1 kb	 0.0% Packages/de.dfki.mmiunity-core/Runtime/MMICSharp-Core/MMIStandard/MQuaternion.cs
 0.1 kb	 0.0% Packages/de.dfki.mmiunity-core/Runtime/MMICSharp-Core/MMIStandard/MParameter.cs
 0.1 kb	 0.0% Packages/de.dfki.mmiunity-core/Runtime/MMICSharp-Core/MMIStandard/MMIAdapter.cs
 0.1 kb	 0.0% Packages/de.dfki.mmiunity-core/Runtime/MMICSharp-Core/MMIStandard/MInterval3.cs
 0.1 kb	 0.0% Packages/de.dfki.mmiunity-core/Runtime/MMICSharp-Core/MMIStandard/MInterval.cs
 0.1 kb	 0.0% Packages/de.dfki.mmiunity-core/Runtime/MMICSharp-Core/MMIStandard/MInstruction.cs
 0.1 kb	 0.0% Packages/de.dfki.mmiunity-core/Runtime/MMICSharp-Core/MMIStandard/MIPAddress.cs
 0.1 kb	 0.0% Packages/de.dfki.mmiunity-core/Runtime/MMICSharp-Core/MMIStandard/MIKProperty.cs
 0.1 kb	 0.0% Packages/de.dfki.mmiunity-core/Runtime/MMICSharp-Core/MMIStandard/MHandPose.cs
 0.1 kb	 0.0% Packages/de.dfki.mmiunity-core/Runtime/MMICSharp-Core/MMIStandard/MDrawingCall.cs
 0.1 kb	 0.0% Packages/de.dfki.mmiunity-core/Runtime/MMICSharp-Core/MMIStandard/MDependency.cs
 0.1 kb	 0.0% Packages/de.dfki.mmiunity-core/Runtime/MMICSharp-Core/MMIStandard/MConstraint.cs
 0.1 kb	 0.0% Packages/de.dfki.mmiunity-core/Runtime/MMICSharp-Core/MMIStandard/MCollider.cs
 0.1 kb	 0.0% Packages/de.dfki.mmiunity-core/Runtime/MMICSharp-Core/MMIStandard/MAttachment.cs
 0.1 kb	 0.0% Packages/de.dfki.mmiunity-core/Runtime/MMICSharp-Core/MMIStandard/MAJANService.cs
 0.1 kb	 0.0% Packages/de.dfki.mmiunity-core/Runtime/MMICSharp-Core/MMICore/Extensions/Extensions.cs
 0.1 kb	 0.0% Packages/de.dfki.mmiunity-core/Runtime/MMICSharp-Core/MMICore/Extensions/Conversion.cs
 0.1 kb	 0.0% Packages/com.unity.ugui/Tests/Runtime/Toggle/ToggleTests.cs
 0.1 kb	 0.0% Packages/com.unity.ugui/Runtime/UI/Core/Utility/VertexHelper.cs
 0.1 kb	 0.0% Packages/com.unity.ugui/Runtime/UI/Core/ToggleGroup.cs
 0.1 kb	 0.0% Packages/com.unity.ugui/Runtime/UI/Core/Selectable.cs
 0.1 kb	 0.0% Packages/com.unity.ugui/Runtime/UI/Core/Scrollbar.cs
 0.1 kb	 0.0% Packages/com.unity.ugui/Runtime/UI/Core/ScrollRect.cs
 0.1 kb	 0.0% Packages/com.unity.ugui/Runtime/UI/Core/RectMask2D.cs
 0.1 kb	 0.0% Packages/com.unity.ugui/Runtime/UI/Core/MaterialModifiers/IMaterialModifier.cs
 0.1 kb	 0.0% Packages/com.unity.ugui/Runtime/UI/Core/Layout/LayoutGroup.cs
 0.1 kb	 0.0% Packages/com.unity.ugui/Runtime/UI/Core/Layout/CanvasScaler.cs
 0.1 kb	 0.0% Packages/com.unity.ugui/Runtime/UI/Core/InputField.cs
 0.1 kb	 0.0% Packages/com.unity.timeline/Runtime/Utilities/IPropertyCollector.cs
 0.1 kb	 0.0% Packages/com.unity.timeline/Runtime/TimelineAttributes.cs
 0.1 kb	 0.0% Packages/com.unity.timeline/Runtime/Timeline.deprecated.cs
 0.1 kb	 0.0% Packages/com.unity.timeline/Runtime/Playables/NotificationFlags.cs
 0.1 kb	 0.0% Packages/com.unity.timeline/Runtime/Playables/BasicScriptPlayable.cs
 0.1 kb	 0.0% Packages/com.unity.test-framework/UnityEngine.TestRunner/Utils/StacktraceFilter.cs
 0.1 kb	 0.0% Packages/com.unity.test-framework/UnityEngine.TestRunner/Utils/ITestRunCallback.cs
 0.1 kb	 0.0% Packages/com.unity.test-framework/UnityEngine.TestRunner/Utils/AssemblyProvider/IAssemblyWrapper.cs
 0.1 kb	 0.0% Packages/com.unity.test-framework/UnityEngine.TestRunner/NUnitExtensions/IStateSerializer.cs
 0.1 kb	 0.0% Packages/de.dfki.mmiunity-core/Runtime/MMIUnity/Extensions.cs
 0.1 kb	 0.0% Packages/de.dfki.mmiunity-core/Runtime/MMIUnity/Development/UnityMMUBase.cs
 0.1 kb	 0.0% Packages/de.dfki.mmiunity-core/Runtime/MMICSharp-Core/MMIStandard/mmi.Constants.cs
 0.1 kb	 0.0% Packages/de.dfki.mmiunity-core/Runtime/MMICSharp-Core/MMIStandard/MIKOperationType.cs
 0.1 kb	 0.0% Packages/de.dfki.mmiunity-core/Runtime/MMICSharp-Core/MMIStandard/MEndeffectorType.cs
 0.1 kb	 0.0% Packages/de.dfki.mmiunity-core/Runtime/MMICSharp-Core/MMIStandard/MDrawingCallType.cs
 0.1 kb	 0.0% Packages/de.dfki.mmiunity-core/Runtime/MMICSharp-Core/MMIStandard/MDependencyType.cs
 0.1 kb	 0.0% Packages/de.dfki.mmiunity-core/Runtime/MMICSharp-Core/MMIStandard/MColliderType.cs
 0.1 kb	 0.0% Packages/de.dfki.mmiunity-core/Runtime/MMICSharp-Core/MMICore/Common/Skeleton/RJoint.cs
 0.1 kb	 0.0% Packages/de.dfki.mmiunity-core/Runtime/MMICSharp-Core/MMICore/Common/Skeleton/Joint.cs
 0.1 kb	 0.0% Packages/de.dfki.mmiunity-core/Runtime/MMICSharp-Core/MMICore/Common/MMUBase.cs
 0.1 kb	 0.0% Packages/de.dfki.mmiunity-core/Runtime/MMICSharp-Core/MMICore/Common/MMIScene.cs
 0.1 kb	 0.0% Packages/de.dfki.mmiunity-core/Runtime/MMICSharp-Core/MMICore/Common/IServiceAccess.cs
 0.1 kb	 0.0% Packages/de.dfki.mmiunity-core/Runtime/MMICSharp-Core/MMICore/CoSimulation/Utils.cs
 0.1 kb	 0.0% Packages/de.dfki.mmiunity-core/Runtime/MMICSharp-Core/MMICore/Access/Abstraction/IAdapterClient.cs
 0.1 kb	 0.0% Packages/de.dfki.mmiunity-core/Runtime/MMICSharp-Core/MMICore/Access/Abstraction/IAdapterAccess.cs
 0.1 kb	 0.0% Packages/com.unity.ugui/Tests/Runtime/TextEditor/TextEditorTests.cs
 0.1 kb	 0.0% Packages/com.unity.ugui/Tests/Runtime/ScrollRect/ScrollRectTests.cs
 0.1 kb	 0.0% Packages/com.unity.ugui/Tests/Runtime/ScrollRect/ScrollRectScale.cs
 0.1 kb	 0.0% Packages/com.unity.ugui/Tests/Runtime/ScrollRect/ScrollRectClamp.cs
 0.1 kb	 0.0% Packages/com.unity.ugui/Tests/Runtime/ScrollBar/ScrollBarTests.cs
 0.1 kb	 0.0% Packages/com.unity.ugui/Tests/Runtime/ScrollBar/ScrollBarClamp.cs
 0.1 kb	 0.0% Packages/com.unity.ugui/Tests/Runtime/InputField/InputFieldTests.cs
 0.1 kb	 0.0% Packages/com.unity.ugui/Tests/Runtime/Image/TestableImage.cs
 0.1 kb	 0.0% Packages/com.unity.ugui/Tests/Runtime/Graphic/RawImageTestHook.cs
 0.1 kb	 0.0% Packages/com.unity.ugui/Tests/Runtime/Graphic/RawImageTest.cs
 0.1 kb	 0.0% Packages/com.unity.ugui/Tests/Runtime/Graphic/MaskTests.cs
 0.1 kb	 0.0% Packages/com.unity.ugui/Tests/Runtime/Graphic/GraphicTests.cs
 0.1 kb	 0.0% Packages/com.unity.ugui/Tests/Runtime/EventSystem/InputModuleTests/FakeBaseInput.cs
 0.1 kb	 0.0% Packages/com.unity.ugui/Tests/Runtime/EventSystem/InputModuleTests.cs
 0.1 kb	 0.0% Packages/com.unity.ugui/Tests/Runtime/Dropdown/DropdownTests.cs
 0.1 kb	 0.0% Packages/com.unity.timeline/Runtime/Events/Marker.cs
 0.1 kb	 0.0% Packages/com.unity.textmeshpro/Scripts/Runtime/TextMeshPro.cs
 0.1 kb	 0.0% Packages/com.unity.textmeshpro/Scripts/Runtime/TMPro_Private.cs
 0.1 kb	 0.0% Packages/com.unity.textmeshpro/Scripts/Runtime/TMP_TextInfo.cs
 0.1 kb	 0.0% Packages/com.unity.textmeshpro/Scripts/Runtime/TMP_SubMesh.cs
 0.1 kb	 0.0% Packages/com.unity.textmeshpro/Scripts/Runtime/TMP_Style.cs
 0.1 kb	 0.0% Packages/com.unity.textmeshpro/Scripts/Runtime/TMP_Sprite.cs
 0.1 kb	 0.0% Packages/com.unity.textmeshpro/Scripts/Runtime/TMP_Settings.cs
 0.1 kb	 0.0% Packages/com.unity.textmeshpro/Scripts/Runtime/TMP_ObjectPool.cs
 0.1 kb	 0.0% Packages/com.unity.textmeshpro/Scripts/Runtime/TMP_Dropdown.cs
 0.1 kb	 0.0% Packages/com.unity.textmeshpro/Scripts/Runtime/TMP_Asset.cs
 0.1 kb	 0.0% Packages/com.unity.textmeshpro/Scripts/Runtime/FastAction.cs
 0.1 kb	 0.0% Packages/de.dfki.mmiunity-core/Runtime/MMICSharp-Core/MMIStandard/MVersion.cs
 0.1 kb	 0.0% Packages/de.dfki.mmiunity-core/Runtime/MMICSharp-Core/MMIStandard/MVector3.cs
 0.1 kb	 0.0% Packages/de.dfki.mmiunity-core/Runtime/MMICSharp-Core/MMIStandard/MVector2.cs
 0.1 kb	 0.0% Packages/de.dfki.mmiunity-core/Runtime/MMICSharp-Core/MMIStandard/MVector.cs
 0.1 kb	 0.0% Packages/de.dfki.mmiunity-core/Runtime/MMICSharp-Core/MMIStandard/MMesh.cs
 0.1 kb	 0.0% Packages/de.dfki.mmiunity-core/Runtime/MMICSharp-Core/MMIStandard/MJoint.cs
 0.1 kb	 0.0% Packages/de.dfki.mmiunity-core/Runtime/MMICSharp-Core/MMIStandard/MAvatar.cs
 0.1 kb	 0.0% Packages/de.dfki.mmiunity-core/Runtime/MMICSharp-Core/MMICore/Adapter/Logger.cs
 0.1 kb	 0.0% Packages/com.unity.ugui/Runtime/UI/Core/VertexModifiers/Shadow.cs
 0.1 kb	 0.0% Packages/com.unity.ugui/Runtime/UI/Core/VertexModifiers/Outline.cs
 0.1 kb	 0.0% Packages/com.unity.ugui/Runtime/UI/Core/VertexModifiers/IMeshModifier.cs
 0.1 kb	 0.0% Packages/com.unity.ugui/Runtime/UI/Core/Toggle.cs
 0.1 kb	 0.0% Packages/com.unity.ugui/Runtime/UI/Core/Slider.cs
 0.1 kb	 0.0% Packages/com.unity.ugui/Runtime/UI/Core/RawImage.cs
 0.1 kb	 0.0% Packages/com.unity.ugui/Runtime/UI/Core/Layout/ILayoutElement.cs
 0.1 kb	 0.0% Packages/com.unity.ugui/Runtime/UI/Core/Image.cs
 0.1 kb	 0.0% Packages/com.unity.ugui/Runtime/UI/Core/Graphic.cs
 0.1 kb	 0.0% Packages/com.unity.ugui/Runtime/UI/Core/FontData.cs
 0.1 kb	 0.0% Packages/com.unity.ugui/Runtime/UI/Core/Dropdown.cs
 0.1 kb	 0.0% Packages/com.unity.ugui/Runtime/UI/Core/Culling/Clipping.cs
 0.1 kb	 0.0% Packages/com.unity.ugui/Runtime/UI/Core/Button.cs
 0.1 kb	 0.0% Packages/com.unity.ugui/Runtime/UI/Animation/CoroutineTween.cs
 0.1 kb	 0.0% Packages/com.unity.ugui/Runtime/EventSystem/RaycastResult.cs
 0.1 kb	 0.0% Packages/com.unity.ugui/Runtime/EventSystem/MoveDirection.cs
 0.1 kb	 0.0% Packages/com.unity.ugui/Runtime/EventSystem/EventTriggerType.cs
 0.1 kb	 0.0% Packages/com.unity.ugui/Runtime/EventSystem/EventInterfaces.cs
 0.1 kb	 0.0% Packages/com.unity.timeline/Runtime/Utilities/IPropertyPreview.cs
 0.1 kb	 0.0% Packages/com.unity.timeline/Runtime/Extensions/TrackExtensions.cs
 0.1 kb	 0.0% Packages/com.unity.timeline/Runtime/AssetUpgrade/TimelineUpgrade.cs
 0.1 kb	 0.0% Packages/com.unity.test-framework/UnityEngine.TestRunner/TestRunner/TestPlatform.cs
 0.1 kb	 0.0% Packages/com.unity.test-framework/UnityEngine.TestRunner/Assertions/LogScope/ILogScope.cs
 0.1 kb	 0.0% Packages/com.unity.test-framework/UnityEngine.TestRunner/AssemblyInfo.cs
 0.1 kb	 0.0% Packages/de.dfki.mmiunity-core/Runtime/MMICSharp-Core/MMIStandard/MJointType.cs
 0.1 kb	 0.0% Packages/de.dfki.mmiunity-core/Runtime/MMICSharp-Core/MMIStandard/MDirection.cs
 0.1 kb	 0.0% Packages/de.dfki.mmiunity-core/Runtime/MMICSharp-Core/MMICore/Adapter/IMMUProvider.cs
 0.1 kb	 0.0% Packages/com.unity.ugui/Tests/Runtime/Slider/SliderTests.cs
 0.1 kb	 0.0% Packages/com.unity.ugui/Tests/Runtime/Image/ImageTests.cs
 0.1 kb	 0.0% Packages/com.unity.ugui/Tests/Runtime/EventSystem/InputModuleTests/MouseUpdate.cs
 0.1 kb	 0.0% Packages/com.unity.ugui/Tests/Runtime/Canvas/NestedCanvas.cs
 0.1 kb	 0.0% Packages/com.unity.ugui/Tests/Runtime/Button/TestButton.cs
 0.1 kb	 0.0% Packages/com.unity.ugui/Tests/Runtime/Button/ButtonTests.cs
 0.1 kb	 0.0% Packages/com.unity.textmeshpro/Scripts/Runtime/TMP_Text.cs
 0.1 kb	 0.0% Packages/com.unity.textmeshpro/Scripts/Runtime/TMP_MeshInfo.cs
 0.1 kb	 0.0% Packages/com.unity.textmeshpro/Scripts/Runtime/TMP_ListPool.cs
 0.1 kb	 0.0% Packages/com.unity.textmeshpro/Scripts/Runtime/TMP_LineInfo.cs
 0.1 kb	 0.0% Packages/com.unity.textmeshpro/Scripts/Runtime/AssemblyInfo.cs
 0.1 kb	 0.0% Packages/com.unity.ugui/Runtime/UI/Core/Utility/ObjectPool.cs
 0.1 kb	 0.0% Packages/com.unity.ugui/Runtime/UI/Core/Text.cs
 0.1 kb	 0.0% Packages/com.unity.ugui/Runtime/UI/Core/SpriteState.cs
 0.1 kb	 0.0% Packages/com.unity.ugui/Runtime/UI/Core/SpecializedCollections/IndexedSet.cs
 0.1 kb	 0.0% Packages/com.unity.ugui/Runtime/UI/Core/Navigation.cs
 0.1 kb	 0.0% Packages/com.unity.ugui/Runtime/UI/Core/Misc.cs
 0.1 kb	 0.0% Packages/com.unity.ugui/Runtime/UI/Core/Mask.cs
 0.1 kb	 0.0% Packages/com.unity.ugui/Runtime/UI/Core/IMaskable.cs
 0.1 kb	 0.0% Packages/com.unity.ugui/Runtime/UI/Core/Culling/IClipRegion.cs
 0.1 kb	 0.0% Packages/com.unity.ugui/Runtime/UI/Core/ColorBlock.cs
 0.1 kb	 0.0% Packages/com.unity.ugui/Runtime/Properties/AssemblyInfo.cs
 0.1 kb	 0.0% Packages/com.unity.ugui/Runtime/EventSystem/EventHandle.cs
 0.1 kb	 0.0% Packages/com.unity.timeline/Runtime/Properties/AssemblyInfo.cs
 0.1 kb	 0.0% Packages/com.unity.timeline/Runtime/Playables/ITimeControl.cs
 0.1 kb	 0.0% Packages/com.unity.timeline/Runtime/ILayerable.cs
 0.1 kb	 0.0% Packages/com.unity.timeline/Runtime/Events/MarkerList.cs
 0.1 kb	 0.0% Packages/com.unity.timeline/Runtime/Evaluation/IntervalTree.cs
 0.1 kb	 0.0% Packages/com.unity.timeline/Runtime/DiscreteTime.cs
 0.1 kb	 0.0% Packages/com.unity.timeline/Runtime/AssetUpgrade/TrackUpgrade.cs
 0.1 kb	 0.0% Packages/com.unity.timeline/Runtime/AssetUpgrade/ClipUpgrade.cs
 0.1 kb	 0.0% Packages/com.unity.timeline/Runtime/Animation/ICurvesOwner.cs
 0.1 kb	 0.0% Packages/de.dfki.mmiunity-core/Runtime/MMICSharp-Core/MMIStandard/MChannel.cs
 0.1 kb	 0.0% Packages/de.dfki.mmiunity-core/Runtime/MMICSharp-Core/MMICore/Adapter/Options.cs
 0.1 kb	 0.0% Packages/com.unity.ugui/Runtime/UI/Core/Utility/ListPool.cs
 0.1 kb	 0.0% Packages/com.unity.ugui/Runtime/UI/Core/IMask.cs
 0.1 kb	 0.0% Packages/com.unity.timeline/Runtime/Events/IMarker.cs
 0.1 kb	 0.0% Packages/com.unity.timeline/Runtime/ClipCaps.cs
 0.1 kb	 0.0% Packages/de.dfki.mmiunity-core/Runtime/MMICSharp-Core/MMICore/CoSimulation/BML.cs
-------------------------------------------------------------------------------
Unloading 6 Unused Serialized files (Serialized files now loaded: 0)
System memory in use before: 71.6 MB.
System memory in use after: 71.3 MB.

Unloading 18 unused Assets to reduce memory usage. Loaded Objects now: 1641.
Total: 2.748200 ms (FindLiveObjects: 0.249400 ms CreateObjectMapping: 0.042200 ms MarkObjects: 2.258600 ms  DeleteObjects: 0.197800 ms)

DisplayProgressNotification: Build Successful
Unloading 0 Unused Serialized files (Serialized files now loaded: 0)
Loaded scene 'Temp/__Backupscenes/0.backup'
	Deserialize:            0.769 ms
	Integration:            2.448 ms
	Integration of assets:  0.004 ms
	Thread Wait Time:       28.681 ms
	Total Operation Time:   31.902 ms
System memory in use before: 71.1 MB.
System memory in use after: 71.2 MB.

Unloading 0 unused Assets to reduce memory usage. Loaded Objects now: 1633.
Total: 2.449400 ms (FindLiveObjects: 0.153700 ms CreateObjectMapping: 0.018200 ms MarkObjects: 2.272400 ms  DeleteObjects: 0.004800 ms)

Batchmode quit successfully invoked - shutting down!
[Performance] WinEditorMain                                               :        1 samples, Peak.  1.06 s (1.0x), Avg.  1.06 s, Total. 1.061 s (7.1%)
[Performance] WinEditorMain.ConfigureCrashHandler                         :        1 samples, Peak.  12.4 us (1.0x), Avg.  12.4 us, Total. 12.40 us (0.0%)
[Performance] WinEditorMain.CurlRequestInitialize                         :        1 samples, Peak.  3.69 ms (1.0x), Avg.  3.69 ms, Total. 3.691 ms (0.0%)
[Performance] WinEditorMain.SetupLogFile                                  :        1 samples, Peak.   573 us (1.0x), Avg.   573 us, Total. 572.6 us (0.0%)
[Performance] WinEditorMain.RunNativeTestsIfRequiredAndExit               :        1 samples, Peak.  1.20 us (1.0x), Avg.  1.20 us, Total. 1.200 us (0.0%)
[Performance] WinEditorMain.Licensing                                     :        1 samples, Peak.   953 ms (1.0x), Avg.   953 ms, Total. 953.3 ms (6.4%)
[Performance] WinEditorMain.InitializeCrashHandler                        :        1 samples, Peak.  11.7 ms (1.0x), Avg.  11.7 ms, Total. 11.67 ms (0.1%)
[Performance] WinEditorMain.CreateApplication                             :        1 samples, Peak.   198 us (1.0x), Avg.   198 us, Total. 198.3 us (0.0%)
[Performance] Application.InitializeProject                               :        1 samples, Peak.  4.99 s (1.0x), Avg.  4.99 s, Total. 4.995 s (33.6%)
[Performance] Application.PackageManager.StartServer                      :        1 samples, Peak.  4.37 ms (1.0x), Avg.  4.37 ms, Total. 4.372 ms (0.0%)
[Performance] Application.IsBrowserCacheEmpty                             :        1 samples, Peak.   588 us (1.0x), Avg.   588 us, Total. 587.8 us (0.0%)
[Performance] Application.AcquireProjectLock                              :        1 samples, Peak.  19.0 ms (1.0x), Avg.  19.0 ms, Total. 18.95 ms (0.1%)
[Performance] Application.InitializeEngineNoGraphics                      :        1 samples, Peak.  30.0 ms (1.0x), Avg.  30.0 ms, Total. 30.01 ms (0.2%)
[Performance] Application.PackageManager.Initialize                       :        1 samples, Peak.  1.01 s (1.0x), Avg.  1.01 s, Total. 1.009 s (6.8%)
[Performance] CurlRequestCheck                                            :       17 samples, Peak.  48.5 us (4.5x), Avg.  10.9 us, Total. 185.1 us (0.0%)
[Performance] PackageManager::RunRequestSynchronously                     :        9 samples, Peak.  1.15 ms (8.5x), Avg.   136 us, Total. 1.228 ms (0.0%)
[Performance] Application.EngineGraphics.Initialize                       :        1 samples, Peak.   118 ms (1.0x), Avg.   118 ms, Total. 118.1 ms (0.8%)
[Performance] Application.GI.Initialize                                   :        1 samples, Peak.   636 ms (1.0x), Avg.   636 ms, Total. 636.3 ms (4.3%)
[Performance] Application.LoadAllDefaultResourcesFromEditor               :        1 samples, Peak.  1.64 ms (1.0x), Avg.  1.64 ms, Total. 1.635 ms (0.0%)
[Performance] Application.LoadMonoAssemblies                              :        1 samples, Peak.   904 ms (1.0x), Avg.   904 ms, Total. 904.0 ms (6.1%)
[Performance] ProcessService.EditorAfterLoadAllAssemblies                 :        2 samples, Peak.  15.2 ms (1.1x), Avg.  13.6 ms, Total. 27.15 ms (0.2%)
[Performance] Application.ReadLicenseInfo                                 :        1 samples, Peak.  13.3 ms (1.0x), Avg.  13.3 ms, Total. 13.29 ms (0.1%)
[Performance] Application.InitialScriptRefresh                            :        1 samples, Peak.  1.12 s (1.0x), Avg.  1.12 s, Total. 1.125 s (7.6%)
[Performance] Application.AssetDatabase.Refresh                           :        1 samples, Peak.  18.0 ms (1.0x), Avg.  18.0 ms, Total. 17.98 ms (0.1%)
[Performance] Application.ImportAssetsWithMismatchingAssetImporterVersion :        1 samples, Peak.  32.4 ms (1.0x), Avg.  32.4 ms, Total. 32.36 ms (0.2%)
[Performance] Application.SyncCurrentColorSpace                           :        1 samples, Peak.  80.8 ms (1.0x), Avg.  80.8 ms, Total. 80.75 ms (0.5%)
[Performance] Application.OnUsbDevicesChanged                             :        1 samples, Peak.  18.9 ms (1.0x), Avg.  18.9 ms, Total. 18.91 ms (0.1%)
[Performance] Application.AssetInstanceCacheUpdate                        :        1 samples, Peak.  1.43 ms (1.0x), Avg.  1.43 ms, Total. 1.431 ms (0.0%)
[Performance] Application.UnityExtensions.Initialize                      :        1 samples, Peak.   382 us (1.0x), Avg.   382 us, Total. 381.6 us (0.0%)
[Performance] Application.InitializeManagedCompilationPipeline            :        1 samples, Peak.   273 ms (1.0x), Avg.   273 ms, Total. 273.5 ms (1.8%)
[Performance] Application.ExecuteStartups                                 :        1 samples, Peak.  10.4 ms (1.0x), Avg.  10.4 ms, Total. 10.45 ms (0.1%)
[Performance] Application.RebuildOSMenu                                   :        1 samples, Peak.  34.3 ms (1.0x), Avg.  34.3 ms, Total. 34.33 ms (0.2%)
[Performance] UpdateAllMenus                                              :        1 samples, Peak.  30.3 ms (1.0x), Avg.  30.3 ms, Total. 30.28 ms (0.2%)
[Performance] Application.editorInitializingProject                       :        1 samples, Peak.  7.40 us (1.0x), Avg.  7.40 us, Total. 7.400 us (0.0%)
[Performance] GUIView.RepaintAll.PlayerLoopController                     :        4 samples, Peak.   400 ns (1.6x), Avg.   250 ns, Total. 1000.0 ns (0.0%)
[Performance] Application.InvokeFinishedLoadingProject                    :        1 samples, Peak.  15.2 ms (1.0x), Avg.  15.2 ms, Total. 15.21 ms (0.1%)
[Performance] ProcessService.OnProjectLoaded                              :        1 samples, Peak.  14.8 ms (1.0x), Avg.  14.8 ms, Total. 14.83 ms (0.1%)
Cleanup mono
Exiting batchmode successfully now!
Exiting without the bug reporter. Application will terminate with return code 0